0	00:05:49.644	Custom indicator MACD GBPUSD,Weekly: removed
0	00:06:07.296	Custom indicator Custom Moving Averages GBPUSD,Weekly: loaded successfully
0	00:07:23.857	Custom indicator Custom Moving Averages GBPUSD,Weekly: removed
0	00:10:30.422	Custom indicator MACD GBPUSD,Weekly: loaded successfully
0	00:10:39.414	Custom indicator MACD GBPUSD,Weekly: removed
0	03:23:00.943	ZigZag_DowT USDJPY,M1: uninit reason 3
0	03:23:00.946	RSI USDJPY,M1: uninit reason 3
0	03:23:00.950	ZigZag_DowT USDJPY,H4: initialized
0	03:23:00.951	RSI USDJPY,H4: initialized
0	03:23:29.094	ZigZag_DowT USDJPY,H4: uninit reason 3
0	03:23:29.094	RSI USDJPY,H4: uninit reason 3
0	03:23:29.099	ZigZag_DowT USDJPY,Daily: initialized
0	03:23:29.101	RSI USDJPY,Daily: initialized
0	03:32:56.624	ZigZag_DowT USDJPY,Daily: uninit reason 9
0	03:32:56.624	RSI USDJPY,Daily: uninit reason 9
0	03:32:56.624	ZigZag_DowT EURUSD,M1: uninit reason 9
0	03:32:56.626	ZigZag_S-TYPE EURUSD,M1: uninit reason 9
0	03:32:56.629	RSI EURUSD,M1: uninit reason 9
0	03:32:56.629	ZigZag_S-TYPE GBPJPY,M1: uninit reason 9
0	03:32:56.638	ZigZag_DowT AUDUSD,H1: uninit reason 9
0	03:32:56.638	ATR GBPUSD,Weekly: uninit reason 9
0	03:32:56.693	Custom indicator ZigZag_DowT USDJPY,Daily: removed
0	03:32:56.695	Custom indicator RSI USDJPY,Daily: removed
0	03:32:56.697	Custom indicator ZigZag_DowT EURUSD,M1: removed
0	03:32:56.698	Custom indicator ZigZag_S-TYPE EURUSD,M1: removed
0	03:32:56.699	Custom indicator RSI EURUSD,M1: removed
0	03:32:56.702	Custom indicator ZigZag_S-TYPE GBPJPY,M1: removed
0	03:32:56.705	Custom indicator ZigZag_DowT AUDUSD,H1: removed
0	03:32:56.712	Custom indicator ATR GBPUSD,Weekly: removed
0	03:33:00.374	Custom indicator ZigZag_DowT USDJPY,Daily: loaded successfully
0	03:33:00.380	Custom indicator RSI USDJPY,Daily: loaded successfully
0	03:33:00.391	ZigZag_DowT USDJPY,Daily: initialized
0	03:33:00.399	RSI USDJPY,Daily: initialized
0	03:33:00.427	Custom indicator ZigZag_DowT EURUSD,M1: loaded successfully
0	03:33:00.435	Custom indicator ZigZag_S-TYPE EURUSD,M1: loaded successfully
0	03:33:00.441	Custom indicator RSI EURUSD,M1: loaded successfully
0	03:33:00.451	ZigZag_DowT EURUSD,M1: initialized
0	03:33:00.465	ZigZag_S-TYPE EURUSD,M1: initialized
0	03:33:00.472	RSI EURUSD,M1: initialized
0	03:33:00.546	Custom indicator ZigZag_S-TYPE GBPJPY,M1: loaded successfully
0	03:33:00.562	ZigZag_S-TYPE GBPJPY,M1: initialized
0	03:33:00.614	Custom indicator ZigZag_DowT AUDUSD,H1: loaded successfully
0	03:33:00.623	ZigZag_DowT AUDUSD,H1: initialized
0	03:33:00.656	Custom indicator ATR GBPUSD,Weekly: loaded successfully
0	03:33:00.665	ATR GBPUSD,Weekly: initialized
0	06:16:37.854	ZigZag_DowT USDJPY,Daily: uninit reason 9
0	06:16:37.854	RSI USDJPY,Daily: uninit reason 9
0	06:16:37.854	ZigZag_DowT EURUSD,M1: uninit reason 9
0	06:16:37.857	ZigZag_S-TYPE EURUSD,M1: uninit reason 9
0	06:16:37.860	RSI EURUSD,M1: uninit reason 9
0	06:16:37.860	ZigZag_S-TYPE GBPJPY,M1: uninit reason 9
0	06:16:37.867	ZigZag_DowT AUDUSD,H1: uninit reason 9
0	06:16:37.868	ATR GBPUSD,Weekly: uninit reason 9
0	06:16:37.902	Custom indicator ZigZag_DowT USDJPY,Daily: removed
0	06:16:37.903	Custom indicator RSI USDJPY,Daily: removed
0	06:16:37.908	Custom indicator ZigZag_DowT EURUSD,M1: removed
0	06:16:37.910	Custom indicator ZigZag_S-TYPE EURUSD,M1: removed
0	06:16:37.911	Custom indicator RSI EURUSD,M1: removed
0	06:16:37.914	Custom indicator ZigZag_S-TYPE GBPJPY,M1: removed
0	06:16:37.917	Custom indicator ZigZag_DowT AUDUSD,H1: removed
0	06:16:37.924	Custom indicator ATR GBPUSD,Weekly: removed
0	06:16:40.884	Custom indicator ZigZag_DowT USDJPY,Daily: loaded successfully
0	06:16:40.891	Custom indicator RSI USDJPY,Daily: loaded successfully
0	06:16:40.901	ZigZag_DowT USDJPY,Daily: initialized
0	06:16:40.909	RSI USDJPY,Daily: initialized
0	06:16:40.931	Custom indicator ZigZag_DowT EURUSD,M1: loaded successfully
0	06:16:40.938	Custom indicator ZigZag_S-TYPE EURUSD,M1: loaded successfully
0	06:16:40.944	Custom indicator RSI EURUSD,M1: loaded successfully
0	06:16:40.955	ZigZag_DowT EURUSD,M1: initialized
0	06:16:40.968	ZigZag_S-TYPE EURUSD,M1: initialized
0	06:16:40.976	RSI EURUSD,M1: initialized
0	06:16:41.036	Custom indicator ZigZag_S-TYPE GBPJPY,M1: loaded successfully
0	06:16:41.053	ZigZag_S-TYPE GBPJPY,M1: initialized
0	06:16:41.098	Custom indicator ZigZag_DowT AUDUSD,H1: loaded successfully
0	06:16:41.108	ZigZag_DowT AUDUSD,H1: initialized
0	06:16:41.133	Custom indicator ATR GBPUSD,Weekly: loaded successfully
0	06:16:41.141	ATR GBPUSD,Weekly: initialized
