0	00:57:02.633	ZigZag_DowT USDJPY,M1: Alert: Long Entry Chance!
0	01:55:02.087	ZigZag_DowT USDJPY,M1: Alert: Long Entry Chance!
0	02:35:02.009	ZigZag_DowT USDJPY,M1: Alert: DOWN Trend Start!
0	03:46:03.463	ZigZag_DowT USDJPY,M1: Alert: UP Trend Start!
0	05:01:11.057	ZigZag_DowT USDJPY,M1: Alert: Long Entry Chance!
0	05:28:04.837	ZigZag_DowT USDJPY,M1: Alert: Long Entry Chance!
0	06:35:02.194	ZigZag_DowT USDJPY,M1: Alert: Long Entry Chance!
0	06:55:32.362	ZigZag_DowT USDJPY,M1: Alert: Long Entry Chance!
0	07:01:02.097	ZigZag_DowT USDJPY,M1: Alert: Long Entry Chance!
0	07:41:00.147	ZigZag_DowT USDJPY,M1: Alert: DOWN Trend Start!
0	08:14:47.319	ZigZag_DowT USDJPY,M1: uninit reason 3
0	08:14:47.322	RSI USDJPY,M1: uninit reason 3
0	08:14:47.327	ZigZag_DowT USDJPY,H1: initialized
0	08:14:47.327	RSI USDJPY,H1: initialized
0	08:15:13.950	ZigZag_DowT USDJPY,H1: uninit reason 3
0	08:15:13.950	RSI USDJPY,H1: uninit reason 3
0	08:15:13.950	ZigZag_DowT USDJPY,M1: initialized
0	08:15:13.951	RSI USDJPY,M1: initialized
0	08:15:20.450	ZigZag_DowT USDJPY,M1: uninit reason 3
0	08:15:20.452	RSI USDJPY,M1: uninit reason 3
0	08:15:20.452	ZigZag_DowT USDJPY,H1: initialized
0	08:15:20.453	RSI USDJPY,H1: initialized
0	08:15:22.629	ZigZag_DowT USDJPY,H1: uninit reason 3
0	08:15:22.629	RSI USDJPY,H1: uninit reason 3
0	08:15:22.633	ZigZag_DowT USDJPY,Daily: initialized
0	08:15:22.634	RSI USDJPY,Daily: initialized
0	08:15:30.820	ZigZag_DowT USDJPY,Daily: uninit reason 3
0	08:15:30.820	RSI USDJPY,Daily: uninit reason 3
0	08:15:30.825	ZigZag_DowT USDJPY,H4: initialized
0	08:15:30.826	RSI USDJPY,H4: initialized
0	08:15:39.931	ZigZag_DowT USDJPY,H4: uninit reason 3
0	08:15:39.931	RSI USDJPY,H4: uninit reason 3
0	08:15:39.932	ZigZag_DowT USDJPY,H1: initialized
0	08:15:39.932	RSI USDJPY,H1: initialized
0	08:18:13.954	ZigZag_DowT USDJPY,H1: uninit reason 3
0	08:18:13.954	RSI USDJPY,H1: uninit reason 3
0	08:18:13.958	ZigZag_DowT USDJPY,M30: initialized
0	08:18:13.959	RSI USDJPY,M30: initialized
0	08:18:16.494	ZigZag_DowT USDJPY,M30: uninit reason 3
0	08:18:16.494	RSI USDJPY,M30: uninit reason 3
0	08:18:16.495	ZigZag_DowT USDJPY,M15: initialized
0	08:18:16.495	RSI USDJPY,M15: initialized
0	08:18:20.435	ZigZag_DowT USDJPY,M15: uninit reason 3
0	08:18:20.435	RSI USDJPY,M15: uninit reason 3
0	08:18:20.435	ZigZag_DowT USDJPY,H1: initialized
0	08:18:20.436	RSI USDJPY,H1: initialized
0	08:18:23.365	ZigZag_DowT USDJPY,H1: uninit reason 3
0	08:18:23.365	RSI USDJPY,H1: uninit reason 3
0	08:18:23.365	ZigZag_DowT USDJPY,M30: initialized
0	08:18:23.366	RSI USDJPY,M30: initialized
0	08:18:30.424	ZigZag_DowT USDJPY,M30: uninit reason 3
0	08:18:30.425	RSI USDJPY,M30: uninit reason 3
0	08:18:30.426	ZigZag_DowT USDJPY,M5: initialized
0	08:18:30.426	RSI USDJPY,M5: initialized
0	08:18:33.205	ZigZag_DowT USDJPY,M5: uninit reason 3
0	08:18:33.205	RSI USDJPY,M5: uninit reason 3
0	08:18:33.205	ZigZag_DowT USDJPY,M1: initialized
0	08:18:33.206	RSI USDJPY,M1: initialized
0	08:18:36.955	ZigZag_DowT USDJPY,M1: uninit reason 3
0	08:18:36.957	RSI USDJPY,M1: uninit reason 3
0	08:18:36.957	ZigZag_DowT USDJPY,M30: initialized
0	08:18:36.958	RSI USDJPY,M30: initialized
0	08:24:57.295	ZigZag_DowT USDJPY,M30: uninit reason 3
0	08:24:57.295	RSI USDJPY,M30: uninit reason 3
0	08:24:57.295	ZigZag_DowT USDJPY,M5: initialized
0	08:24:57.297	RSI USDJPY,M5: initialized
0	08:24:59.475	ZigZag_DowT USDJPY,M5: uninit reason 3
0	08:24:59.476	RSI USDJPY,M5: uninit reason 3
0	08:24:59.476	ZigZag_DowT USDJPY,M1: initialized
0	08:24:59.476	RSI USDJPY,M1: initialized
0	08:25:06.146	ZigZag_DowT USDJPY,M1: uninit reason 3
0	08:25:06.148	RSI USDJPY,M1: uninit reason 3
0	08:25:06.148	ZigZag_DowT USDJPY,M5: initialized
0	08:25:06.149	RSI USDJPY,M5: initialized
0	08:25:09.346	ZigZag_DowT USDJPY,M5: uninit reason 3
0	08:25:09.346	RSI USDJPY,M5: uninit reason 3
0	08:25:09.346	ZigZag_DowT USDJPY,M15: initialized
0	08:25:09.347	RSI USDJPY,M15: initialized
0	08:25:11.086	ZigZag_DowT USDJPY,M15: uninit reason 3
0	08:25:11.086	RSI USDJPY,M15: uninit reason 3
0	08:25:11.086	ZigZag_DowT USDJPY,M30: initialized
0	08:25:11.087	RSI USDJPY,M30: initialized
0	08:25:12.346	ZigZag_DowT USDJPY,M30: uninit reason 3
0	08:25:12.346	RSI USDJPY,M30: uninit reason 3
0	08:25:12.346	ZigZag_DowT USDJPY,M1: initialized
0	08:25:12.347	RSI USDJPY,M1: initialized
0	08:25:14.406	ZigZag_DowT USDJPY,M1: uninit reason 3
0	08:25:14.408	RSI USDJPY,M1: uninit reason 3
0	08:25:14.409	ZigZag_DowT USDJPY,H1: initialized
0	08:25:14.409	RSI USDJPY,H1: initialized
0	08:25:27.226	ZigZag_DowT USDJPY,H1: uninit reason 3
0	08:25:27.226	RSI USDJPY,H1: uninit reason 3
0	08:25:27.226	ZigZag_DowT USDJPY,M30: initialized
0	08:25:27.227	RSI USDJPY,M30: initialized
0	08:26:06.787	ZigZag_DowT USDJPY,M30: uninit reason 3
0	08:26:06.787	RSI USDJPY,M30: uninit reason 3
0	08:26:06.788	ZigZag_DowT USDJPY,H1: initialized
0	08:26:06.788	RSI USDJPY,H1: initialized
0	08:26:10.377	ZigZag_DowT USDJPY,H1: uninit reason 3
0	08:26:10.377	RSI USDJPY,H1: uninit reason 3
0	08:26:10.377	ZigZag_DowT USDJPY,M30: initialized
0	08:26:10.378	RSI USDJPY,M30: initialized
0	08:26:22.248	ZigZag_DowT USDJPY,M30: uninit reason 3
0	08:26:22.248	RSI USDJPY,M30: uninit reason 3
0	08:26:22.248	ZigZag_DowT USDJPY,M15: initialized
0	08:26:22.248	RSI USDJPY,M15: initialized
0	08:26:24.768	ZigZag_DowT USDJPY,M15: uninit reason 3
0	08:26:24.768	RSI USDJPY,M15: uninit reason 3
0	08:26:24.768	ZigZag_DowT USDJPY,M5: initialized
0	08:26:24.769	RSI USDJPY,M5: initialized
0	08:26:30.148	ZigZag_DowT USDJPY,M5: uninit reason 3
0	08:26:30.149	RSI USDJPY,M5: uninit reason 3
0	08:26:30.149	ZigZag_DowT USDJPY,M1: initialized
0	08:26:30.149	RSI USDJPY,M1: initialized
0	08:26:55.648	ZigZag_DowT USDJPY,M1: uninit reason 3
0	08:26:55.650	RSI USDJPY,M1: uninit reason 3
0	08:26:55.651	ZigZag_DowT USDJPY,M5: initialized
0	08:26:55.651	RSI USDJPY,M5: initialized
0	08:27:33.145	ZigZag_DowT USDJPY,M5: uninit reason 3
0	08:27:33.145	RSI USDJPY,M5: uninit reason 3
0	08:27:33.145	ZigZag_DowT USDJPY,M1: initialized
0	08:27:33.146	RSI USDJPY,M1: initialized
0	08:28:06.411	ZigZag_DowT USDJPY,M1: uninit reason 3
0	08:28:06.411	RSI USDJPY,M1: uninit reason 3
0	08:28:06.412	ZigZag_DowT USDJPY,M5: initialized
0	08:28:06.412	RSI USDJPY,M5: initialized
0	08:28:08.032	ZigZag_DowT USDJPY,M5: uninit reason 3
0	08:28:08.032	RSI USDJPY,M5: uninit reason 3
0	08:28:08.032	ZigZag_DowT USDJPY,M15: initialized
0	08:28:08.033	RSI USDJPY,M15: initialized
0	08:30:16.175	ZigZag_DowT USDJPY,M15: uninit reason 3
0	08:30:16.175	RSI USDJPY,M15: uninit reason 3
0	08:30:16.175	ZigZag_DowT USDJPY,M5: initialized
0	08:30:16.176	RSI USDJPY,M5: initialized
0	08:30:16.904	ZigZag_DowT USDJPY,M5: uninit reason 3
0	08:30:16.904	RSI USDJPY,M5: uninit reason 3
0	08:30:16.904	ZigZag_DowT USDJPY,M1: initialized
0	08:30:16.904	RSI USDJPY,M1: initialized
0	08:39:25.579	ZigZag_DowT USDJPY,M1: uninit reason 3
0	08:39:25.579	RSI USDJPY,M1: uninit reason 3
0	08:39:25.579	ZigZag_DowT USDJPY,M5: initialized
0	08:39:25.580	RSI USDJPY,M5: initialized
0	08:39:51.559	ZigZag_DowT USDJPY,M5: uninit reason 3
0	08:39:51.559	RSI USDJPY,M5: uninit reason 3
0	08:39:51.564	ZigZag_DowT USDJPY,M30: initialized
0	08:39:51.564	RSI USDJPY,M30: initialized
0	08:39:57.210	ZigZag_DowT USDJPY,M30: uninit reason 3
0	08:39:57.210	RSI USDJPY,M30: uninit reason 3
0	08:39:57.210	ZigZag_DowT USDJPY,M1: initialized
0	08:39:57.210	RSI USDJPY,M1: initialized
0	08:40:01.587	ZigZag_DowT USDJPY,M1: Alert: Short Entry Chance!
0	08:41:50.313	ZigZag_DowT USDJPY,M1: uninit reason 3
0	08:41:50.313	RSI USDJPY,M1: uninit reason 3
0	08:41:50.318	ZigZag_DowT USDJPY,H4: initialized
0	08:41:50.319	RSI USDJPY,H4: initialized
0	08:41:54.023	ZigZag_DowT USDJPY,H4: uninit reason 3
0	08:41:54.023	RSI USDJPY,H4: uninit reason 3
0	08:41:54.027	ZigZag_DowT USDJPY,H1: initialized
0	08:41:54.027	RSI USDJPY,H1: initialized
0	08:41:58.133	ZigZag_DowT USDJPY,H1: uninit reason 3
0	08:41:58.133	RSI USDJPY,H1: uninit reason 3
0	08:41:58.133	ZigZag_DowT USDJPY,H4: initialized
0	08:41:58.133	RSI USDJPY,H4: initialized
0	08:42:05.062	ZigZag_DowT USDJPY,H4: uninit reason 3
0	08:42:05.063	RSI USDJPY,H4: uninit reason 3
0	08:42:05.063	ZigZag_DowT USDJPY,H1: initialized
0	08:42:05.063	RSI USDJPY,H1: initialized
0	08:42:06.653	ZigZag_DowT USDJPY,H1: uninit reason 3
0	08:42:06.653	RSI USDJPY,H1: uninit reason 3
0	08:42:06.653	ZigZag_DowT USDJPY,M30: initialized
0	08:42:06.654	RSI USDJPY,M30: initialized
0	08:42:10.373	ZigZag_DowT USDJPY,M30: uninit reason 3
0	08:42:10.373	RSI USDJPY,M30: uninit reason 3
0	08:42:10.373	ZigZag_DowT USDJPY,M15: initialized
0	08:42:10.374	RSI USDJPY,M15: initialized
0	08:42:15.863	ZigZag_DowT USDJPY,M15: uninit reason 3
0	08:42:15.863	RSI USDJPY,M15: uninit reason 3
0	08:42:15.863	ZigZag_DowT USDJPY,M5: initialized
0	08:42:15.864	RSI USDJPY,M5: initialized
0	08:42:17.843	ZigZag_DowT USDJPY,M5: uninit reason 3
0	08:42:17.843	RSI USDJPY,M5: uninit reason 3
0	08:42:17.844	ZigZag_DowT USDJPY,M1: initialized
0	08:42:17.844	RSI USDJPY,M1: initialized
0	08:44:39.977	ZigZag_DowT USDJPY,M1: uninit reason 3
0	08:44:39.978	RSI USDJPY,M1: uninit reason 3
0	08:44:39.978	ZigZag_DowT USDJPY,M5: initialized
0	08:44:39.979	RSI USDJPY,M5: initialized
0	08:44:42.677	ZigZag_DowT USDJPY,M5: uninit reason 3
0	08:44:42.677	RSI USDJPY,M5: uninit reason 3
0	08:44:42.677	ZigZag_DowT USDJPY,M15: initialized
0	08:44:42.678	RSI USDJPY,M15: initialized
0	08:44:44.577	ZigZag_DowT USDJPY,M15: uninit reason 3
0	08:44:44.577	RSI USDJPY,M15: uninit reason 3
0	08:44:44.577	ZigZag_DowT USDJPY,M5: initialized
0	08:44:44.578	RSI USDJPY,M5: initialized
0	08:44:54.644	ZigZag_DowT USDJPY,M5: uninit reason 3
0	08:44:54.645	RSI USDJPY,M5: uninit reason 3
0	08:44:54.645	ZigZag_DowT USDJPY,M1: initialized
0	08:44:54.645	RSI USDJPY,M1: initialized
0	08:49:22.615	ZigZag_DowT USDJPY,M1: uninit reason 3
0	08:49:22.616	RSI USDJPY,M1: uninit reason 3
0	08:49:22.617	ZigZag_DowT USDJPY,H1: initialized
0	08:49:22.617	RSI USDJPY,H1: initialized
0	09:02:16.645	ZigZag_DowT USDJPY,H1: uninit reason 3
0	09:02:16.645	RSI USDJPY,H1: uninit reason 3
0	09:02:16.646	ZigZag_DowT USDJPY,M1: initialized
0	09:02:16.646	RSI USDJPY,M1: initialized
0	09:04:00.310	ZigZag_DowT USDJPY,M1: Alert: UP Trend Start!
0	09:04:24.659	ZigZag_DowT USDJPY,M1: uninit reason 3
0	09:04:24.660	RSI USDJPY,M1: uninit reason 3
0	09:04:24.660	ZigZag_DowT USDJPY,H1: initialized
0	09:04:24.661	RSI USDJPY,H1: initialized
0	09:04:37.974	ZigZag_DowT USDJPY,H1: uninit reason 3
0	09:04:37.974	RSI USDJPY,H1: uninit reason 3
0	09:04:37.974	ZigZag_DowT USDJPY,H4: initialized
0	09:04:37.975	RSI USDJPY,H4: initialized
0	09:04:49.280	ZigZag_DowT USDJPY,H4: uninit reason 3
0	09:04:49.281	RSI USDJPY,H4: uninit reason 3
0	09:04:49.281	ZigZag_DowT USDJPY,M15: initialized
0	09:04:49.281	RSI USDJPY,M15: initialized
0	09:08:33.996	ZigZag_DowT USDJPY,M15: uninit reason 3
0	09:08:33.996	RSI USDJPY,M15: uninit reason 3
0	09:08:33.996	ZigZag_DowT USDJPY,M1: initialized
0	09:08:33.997	RSI USDJPY,M1: initialized
0	09:33:18.894	ZigZag_DowT USDJPY,M1: uninit reason 3
0	09:33:18.895	RSI USDJPY,M1: uninit reason 3
0	09:33:18.895	ZigZag_DowT USDJPY,M5: initialized
0	09:33:18.896	RSI USDJPY,M5: initialized
0	09:33:39.227	ZigZag_DowT USDJPY,M5: uninit reason 3
0	09:33:39.227	RSI USDJPY,M5: uninit reason 3
0	09:33:39.227	ZigZag_DowT USDJPY,M15: initialized
0	09:33:39.228	RSI USDJPY,M15: initialized
0	09:33:43.837	ZigZag_DowT USDJPY,M15: uninit reason 3
0	09:33:43.837	RSI USDJPY,M15: uninit reason 3
0	09:33:43.838	ZigZag_DowT USDJPY,H1: initialized
0	09:33:43.838	RSI USDJPY,H1: initialized
0	09:33:47.027	ZigZag_DowT USDJPY,H1: uninit reason 3
0	09:33:47.027	RSI USDJPY,H1: uninit reason 3
0	09:33:47.027	ZigZag_DowT USDJPY,M30: initialized
0	09:33:47.028	RSI USDJPY,M30: initialized
0	09:33:50.328	ZigZag_DowT USDJPY,M30: uninit reason 3
0	09:33:50.328	RSI USDJPY,M30: uninit reason 3
0	09:33:50.328	ZigZag_DowT USDJPY,H1: initialized
0	09:33:50.329	RSI USDJPY,H1: initialized
0	09:33:59.347	ZigZag_DowT USDJPY,H1: uninit reason 3
0	09:33:59.347	RSI USDJPY,H1: uninit reason 3
0	09:33:59.348	ZigZag_DowT USDJPY,H4: initialized
0	09:33:59.348	RSI USDJPY,H4: initialized
0	09:34:01.958	ZigZag_DowT USDJPY,H4: uninit reason 3
0	09:34:01.958	RSI USDJPY,H4: uninit reason 3
0	09:34:01.958	ZigZag_DowT USDJPY,M1: initialized
0	09:34:01.959	RSI USDJPY,M1: initialized
0	09:34:06.108	ZigZag_DowT USDJPY,M1: uninit reason 3
0	09:34:06.109	RSI USDJPY,M1: uninit reason 3
0	09:34:06.109	ZigZag_DowT USDJPY,M5: initialized
0	09:34:06.109	RSI USDJPY,M5: initialized
0	09:34:08.367	ZigZag_DowT USDJPY,M5: uninit reason 3
0	09:34:08.368	RSI USDJPY,M5: uninit reason 3
0	09:34:08.368	ZigZag_DowT USDJPY,M1: initialized
0	09:34:08.368	RSI USDJPY,M1: initialized
0	09:36:31.912	ZigZag_DowT USDJPY,M1: uninit reason 3
0	09:36:31.912	RSI USDJPY,M1: uninit reason 3
0	09:36:31.912	ZigZag_DowT USDJPY,M5: initialized
0	09:36:31.913	RSI USDJPY,M5: initialized
0	09:36:44.072	ZigZag_DowT USDJPY,M5: uninit reason 3
0	09:36:44.072	RSI USDJPY,M5: uninit reason 3
0	09:36:44.072	ZigZag_DowT USDJPY,M1: initialized
0	09:36:44.073	RSI USDJPY,M1: initialized
0	09:37:20.303	ZigZag_DowT USDJPY,M1: uninit reason 3
0	09:37:20.303	RSI USDJPY,M1: uninit reason 3
0	09:37:20.303	ZigZag_DowT USDJPY,M5: initialized
0	09:37:20.304	RSI USDJPY,M5: initialized
0	09:37:25.293	ZigZag_DowT USDJPY,M5: uninit reason 3
0	09:37:25.293	RSI USDJPY,M5: uninit reason 3
0	09:37:25.293	ZigZag_DowT USDJPY,M1: initialized
0	09:37:25.294	RSI USDJPY,M1: initialized
0	09:53:00.379	ZigZag_DowT USDJPY,M1: Alert: Long Entry Chance!
0	11:19:00.537	ZigZag_DowT USDJPY,M1: Alert: Long Entry Chance!
0	13:02:00.539	ZigZag_DowT USDJPY,M1: Alert: Long Entry Chance!
0	14:44:00.917	ZigZag_DowT USDJPY,M1: Alert: Long Entry Chance!
0	16:04:00.889	ZigZag_DowT USDJPY,M1: Alert: DOWN Trend Start!
0	16:55:01.141	ZigZag_DowT USDJPY,M1: Alert: UP Trend Start!
0	17:28:01.351	ZigZag_DowT USDJPY,M1: Alert: Long Entry Chance!
0	18:16:02.847	ZigZag_DowT USDJPY,M1: Alert: DOWN Trend Start!
0	18:33:01.028	ZigZag_DowT USDJPY,M1: Alert: Short Entry Chance!
0	18:50:02.110	ZigZag_DowT USDJPY,M1: Alert: UP Trend Start!
0	19:05:03.062	ZigZag_DowT USDJPY,M1: Alert: DOWN Trend Start!
0	19:35:04.262	ZigZag_DowT USDJPY,M1: Alert: Short Entry Chance!
0	20:00:01.253	ZigZag_DowT USDJPY,M1: Alert: UP Trend Start!
0	20:12:18.659	ZigZag_DowT USDJPY,M1: uninit reason 9
0	20:12:18.661	RSI USDJPY,M1: uninit reason 9
0	20:12:18.661	ZigZag_DowT EURUSD,Weekly: uninit reason 9
0	20:12:18.662	ZigZag_S-TYPE EURUSD,Weekly: uninit reason 9
0	20:12:18.662	RSI EURUSD,Weekly: uninit reason 9
0	20:12:18.662	ZigZag_S-TYPE GBPJPY,M30: uninit reason 9
0	20:12:18.662	ZigZag_DowT USDJPY,Weekly: uninit reason 9
0	20:12:18.719	Custom indicator ZigZag_DowT USDJPY,M1: removed
0	20:12:18.721	Custom indicator RSI USDJPY,M1: removed
0	20:12:18.724	Custom indicator ZigZag_DowT EURUSD,Weekly: removed
0	20:12:18.725	Custom indicator ZigZag_S-TYPE EURUSD,Weekly: removed
0	20:12:18.726	Custom indicator RSI EURUSD,Weekly: removed
0	20:12:18.739	Custom indicator ZigZag_S-TYPE GBPJPY,M30: removed
0	20:12:18.745	Custom indicator ZigZag_DowT USDJPY,Weekly: removed
0	20:12:23.277	Custom indicator ZigZag_DowT USDJPY,M1: loaded successfully
0	20:12:23.286	Custom indicator RSI USDJPY,M1: loaded successfully
0	20:12:23.303	ZigZag_DowT USDJPY,M1: initialized
0	20:12:23.315	RSI USDJPY,M1: initialized
0	20:12:23.409	Custom indicator ZigZag_DowT EURUSD,Weekly: loaded successfully
0	20:12:23.417	Custom indicator ZigZag_S-TYPE EURUSD,Weekly: loaded successfully
0	20:12:23.424	Custom indicator RSI EURUSD,Weekly: loaded successfully
0	20:12:23.435	ZigZag_DowT EURUSD,Weekly: initialized
0	20:12:23.452	ZigZag_S-TYPE EURUSD,Weekly: initialized
0	20:12:23.460	RSI EURUSD,Weekly: initialized
0	20:12:23.501	Custom indicator ZigZag_S-TYPE GBPJPY,M30: loaded successfully
0	20:12:23.514	ZigZag_S-TYPE GBPJPY,M30: initialized
0	20:12:23.549	Custom indicator ZigZag_DowT USDJPY,Weekly: loaded successfully
0	20:12:23.559	ZigZag_DowT USDJPY,Weekly: initialized
0	20:18:11.130	Automated trading enabled
0	20:18:12.660	Automated trading disabled
0	20:54:01.243	ZigZag_DowT USDJPY,M1: Alert: Long Entry Chance!
0	21:21:01.594	ZigZag_DowT USDJPY,M1: Alert: Long Entry Chance!
0	21:21:32.306	ZigZag_DowT USDJPY,M1: Alert: Long Entry Chance!
0	21:31:01.140	ZigZag_DowT USDJPY,M1: Alert: DOWN Trend Start!
