0	11:06:16.343	Custom indicator ZigZag_DowT USDJPY,M1: loaded successfully
0	11:06:16.348	Custom indicator RSI USDJPY,M1: loaded successfully
0	11:06:16.366	ZigZag_DowT USDJPY,M1: initialized
0	11:06:16.371	RSI USDJPY,M1: initialized
0	11:06:16.441	Custom indicator ZigZag_DowT EURUSD,M1: loaded successfully
0	11:06:16.446	Custom indicator ZigZag_S-TYPE EURUSD,M1: loaded successfully
0	11:06:16.451	Custom indicator RSI EURUSD,M1: loaded successfully
0	11:06:16.471	ZigZag_DowT EURUSD,M1: initialized
0	11:06:16.477	ZigZag_S-TYPE EURUSD,M1: initialized
0	11:06:16.491	RSI EURUSD,M1: initialized
0	11:06:16.546	Custom indicator ZigZag_S-TYPE GBPJPY,M1: loaded successfully
0	11:06:16.571	ZigZag_S-TYPE GBPJPY,M1: initialized
0	11:06:16.616	Custom indicator ZigZag_DowT AUDUSD,H1: loaded successfully
0	11:06:16.664	ZigZag_DowT AUDUSD,H1: initialized
0	11:06:16.692	Custom indicator TestColeLine GBPUSD,Weekly: loaded successfully
0	11:06:16.701	TestColeLine GBPUSD,Weekly: initialized
0	19:02:52.789	ZigZag_DowT USDJPY,M1: uninit reason 9
0	19:02:52.791	RSI USDJPY,M1: uninit reason 9
0	19:02:52.791	ZigZag_DowT EURUSD,M1: uninit reason 9
0	19:02:52.794	ZigZag_S-TYPE EURUSD,M1: uninit reason 9
0	19:02:52.797	RSI EURUSD,M1: uninit reason 9
0	19:02:52.797	ZigZag_S-TYPE GBPJPY,M1: uninit reason 9
0	19:02:52.805	ZigZag_DowT AUDUSD,H1: uninit reason 9
0	19:02:52.805	TestColeLine GBPUSD,Weekly: uninit reason 9
0	19:02:52.870	Custom indicator ZigZag_DowT USDJPY,M1: removed
0	19:02:52.872	Custom indicator RSI USDJPY,M1: removed
0	19:02:52.875	Custom indicator ZigZag_DowT EURUSD,M1: removed
0	19:02:52.877	Custom indicator ZigZag_S-TYPE EURUSD,M1: removed
0	19:02:52.878	Custom indicator RSI EURUSD,M1: removed
0	19:02:52.881	Custom indicator ZigZag_S-TYPE GBPJPY,M1: removed
0	19:02:52.884	Custom indicator ZigZag_DowT AUDUSD,H1: removed
0	19:02:52.890	Custom indicator TestColeLine GBPUSD,Weekly: removed
0	19:02:55.295	Compiling 'MovingAverage3Line'
0	19:02:56.355	Custom indicator ZigZag_DowT USDJPY,M1: loaded successfully
0	19:02:56.362	Custom indicator RSI USDJPY,M1: loaded successfully
0	19:02:56.373	ZigZag_DowT USDJPY,M1: initialized
0	19:02:56.381	RSI USDJPY,M1: initialized
0	19:02:56.440	Custom indicator ZigZag_DowT EURUSD,M1: loaded successfully
0	19:02:56.447	Custom indicator ZigZag_S-TYPE EURUSD,M1: loaded successfully
0	19:02:56.453	Custom indicator RSI EURUSD,M1: loaded successfully
0	19:02:56.464	ZigZag_DowT EURUSD,M1: initialized
0	19:02:56.477	ZigZag_S-TYPE EURUSD,M1: initialized
0	19:02:56.485	RSI EURUSD,M1: initialized
0	19:02:56.540	Custom indicator ZigZag_S-TYPE GBPJPY,M1: loaded successfully
0	19:02:56.555	ZigZag_S-TYPE GBPJPY,M1: initialized
0	19:02:56.597	Custom indicator ZigZag_DowT AUDUSD,H1: loaded successfully
0	19:02:56.607	ZigZag_DowT AUDUSD,H1: initialized
0	19:02:56.629	Custom indicator TestColeLine GBPUSD,Weekly: loaded successfully
0	19:02:56.638	TestColeLine GBPUSD,Weekly: initialized
0	19:52:03.610	TestColeLine GBPUSD,Weekly: uninit reason 2
0	19:52:03.611	Custom indicator TestColeLine GBPUSD,Weekly: removed
0	19:52:03.618	Custom indicator TestColeLine GBPUSD,Weekly: loaded successfully
0	19:52:03.619	Custom indicator TestColeLine GBPUSD,Weekly: removed
0	20:09:19.762	Custom indicator ATR GBPUSD,Weekly: loaded successfully
0	20:09:42.427	ATR GBPUSD,Weekly: initialized
0	22:39:37.948	Custom indicator MACD GBPUSD,Weekly: loaded successfully
0	22:58:43.370	Custom indicator MACD GBPUSD,Weekly: removed
0	23:48:11.693	Custom indicator MACD GBPUSD,Weekly: loaded successfully
