0	01:08:01.450	ZigZag_DowT USDJPY,M1: Alert: Short Entry Chance!
0	01:40:02.104	ZigZag_DowT USDJPY,M1: Alert: Short Entry Chance!
0	04:32:04.158	ZigZag_DowT USDJPY,M1: Alert: Short Entry Chance!
0	05:52:00.622	ZigZag_DowT USDJPY,M1: Alert: Short Entry Chance!
0	06:01:05.768	ZigZag_DowT USDJPY,M1: Alert: Short Entry Chance!
0	07:59:03.617	ZigZag_DowT USDJPY,M1: Alert: Short Entry Chance!
0	10:04:21.905	ZigZag_DowT USDJPY,M1: uninit reason 3
0	10:04:21.907	RSI USDJPY,M1: uninit reason 3
0	10:04:21.912	ZigZag_DowT USDJPY,H1: initialized
0	10:04:21.913	RSI USDJPY,H1: initialized
0	10:05:24.427	ZigZag_DowT USDJPY,H1: uninit reason 3
0	10:05:24.427	RSI USDJPY,H1: uninit reason 3
0	10:05:24.428	ZigZag_DowT USDJPY,M1: initialized
0	10:05:24.429	RSI USDJPY,M1: initialized
0	10:05:37.717	ZigZag_DowT USDJPY,M1: uninit reason 3
0	10:05:37.719	RSI USDJPY,M1: uninit reason 3
0	10:05:37.720	ZigZag_DowT USDJPY,M5: initialized
0	10:05:37.721	RSI USDJPY,M5: initialized
0	10:05:39.567	ZigZag_DowT USDJPY,M5: uninit reason 3
0	10:05:39.568	RSI USDJPY,M5: uninit reason 3
0	10:05:39.568	ZigZag_DowT USDJPY,M1: initialized
0	10:05:39.568	RSI USDJPY,M1: initialized
0	10:06:16.707	ZigZag_DowT USDJPY,M1: uninit reason 3
0	10:06:16.708	RSI USDJPY,M1: uninit reason 3
0	10:06:16.713	ZigZag_DowT USDJPY,H1: initialized
0	10:06:16.714	RSI USDJPY,H1: initialized
0	10:06:38.958	ZigZag_DowT USDJPY,H1: uninit reason 3
0	10:06:38.958	RSI USDJPY,H1: uninit reason 3
0	10:06:38.962	ZigZag_DowT USDJPY,M30: initialized
0	10:06:38.963	RSI USDJPY,M30: initialized
0	10:06:46.409	ZigZag_DowT USDJPY,M30: uninit reason 3
0	10:06:46.409	RSI USDJPY,M30: uninit reason 3
0	10:06:46.409	ZigZag_DowT USDJPY,M15: initialized
0	10:06:46.409	RSI USDJPY,M15: initialized
0	10:06:49.009	ZigZag_DowT USDJPY,M15: uninit reason 3
0	10:06:49.009	RSI USDJPY,M15: uninit reason 3
0	10:06:49.009	ZigZag_DowT USDJPY,M5: initialized
0	10:06:49.009	RSI USDJPY,M5: initialized
0	10:06:50.279	ZigZag_DowT USDJPY,M5: uninit reason 3
0	10:06:50.280	RSI USDJPY,M5: uninit reason 3
0	10:06:50.280	ZigZag_DowT USDJPY,M1: initialized
0	10:06:50.280	RSI USDJPY,M1: initialized
0	10:07:52.891	ZigZag_DowT USDJPY,M1: uninit reason 3
0	10:07:52.892	RSI USDJPY,M1: uninit reason 3
0	10:07:52.892	ZigZag_DowT USDJPY,H1: initialized
0	10:07:52.892	RSI USDJPY,H1: initialized
0	10:08:05.690	ZigZag_DowT USDJPY,H1: uninit reason 3
0	10:08:05.690	RSI USDJPY,H1: uninit reason 3
0	10:08:05.690	ZigZag_DowT USDJPY,M5: initialized
0	10:08:05.691	RSI USDJPY,M5: initialized
0	10:08:17.771	ZigZag_DowT USDJPY,M5: uninit reason 3
0	10:08:17.772	RSI USDJPY,M5: uninit reason 3
0	10:08:17.772	ZigZag_DowT USDJPY,H1: initialized
0	10:08:17.772	RSI USDJPY,H1: initialized
0	10:08:19.711	ZigZag_DowT USDJPY,H1: uninit reason 3
0	10:08:19.711	RSI USDJPY,H1: uninit reason 3
0	10:08:19.711	ZigZag_DowT USDJPY,M5: initialized
0	10:08:19.712	RSI USDJPY,M5: initialized
0	10:08:37.921	ZigZag_DowT USDJPY,M5: uninit reason 3
0	10:08:37.922	RSI USDJPY,M5: uninit reason 3
0	10:08:37.922	ZigZag_DowT USDJPY,H1: initialized
0	10:08:37.922	RSI USDJPY,H1: initialized
0	10:10:17.585	ZigZag_DowT USDJPY,H1: uninit reason 3
0	10:10:17.585	RSI USDJPY,H1: uninit reason 3
0	10:10:17.585	ZigZag_DowT USDJPY,M5: initialized
0	10:10:17.585	RSI USDJPY,M5: initialized
0	10:10:23.215	ZigZag_DowT USDJPY,M5: uninit reason 3
0	10:10:23.215	RSI USDJPY,M5: uninit reason 3
0	10:10:23.215	ZigZag_DowT USDJPY,H1: initialized
0	10:10:23.215	RSI USDJPY,H1: initialized
0	10:10:27.584	ZigZag_DowT USDJPY,H1: uninit reason 3
0	10:10:27.584	RSI USDJPY,H1: uninit reason 3
0	10:10:27.584	ZigZag_DowT USDJPY,M1: initialized
0	10:10:27.585	RSI USDJPY,M1: initialized
0	10:14:40.441	ZigZag_DowT USDJPY,M1: uninit reason 3
0	10:14:40.442	RSI USDJPY,M1: uninit reason 3
0	10:14:40.442	ZigZag_DowT USDJPY,M5: initialized
0	10:14:40.443	RSI USDJPY,M5: initialized
0	10:14:46.581	ZigZag_DowT USDJPY,M5: uninit reason 3
0	10:14:46.582	RSI USDJPY,M5: uninit reason 3
0	10:14:46.582	ZigZag_DowT USDJPY,M1: initialized
0	10:14:46.582	RSI USDJPY,M1: initialized
0	10:16:25.594	ZigZag_DowT USDJPY,M1: uninit reason 3
0	10:16:25.595	RSI USDJPY,M1: uninit reason 3
0	10:16:25.595	ZigZag_DowT USDJPY,M5: initialized
0	10:16:25.596	RSI USDJPY,M5: initialized
0	10:16:27.694	ZigZag_DowT USDJPY,M5: uninit reason 3
0	10:16:27.695	RSI USDJPY,M5: uninit reason 3
0	10:16:27.695	ZigZag_DowT USDJPY,M1: initialized
0	10:16:27.695	RSI USDJPY,M1: initialized
0	10:19:26.569	ZigZag_DowT USDJPY,M1: uninit reason 3
0	10:19:26.570	RSI USDJPY,M1: uninit reason 3
0	10:19:26.570	ZigZag_DowT USDJPY,M5: initialized
0	10:19:26.571	RSI USDJPY,M5: initialized
0	10:19:44.052	ZigZag_DowT USDJPY,M5: uninit reason 3
0	10:19:44.052	RSI USDJPY,M5: uninit reason 3
0	10:19:44.052	ZigZag_DowT USDJPY,M1: initialized
0	10:19:44.052	RSI USDJPY,M1: initialized
0	10:20:25.881	ZigZag_DowT USDJPY,M1: uninit reason 3
0	10:20:25.882	RSI USDJPY,M1: uninit reason 3
0	10:20:25.882	ZigZag_DowT USDJPY,H1: initialized
0	10:20:25.882	RSI USDJPY,H1: initialized
0	10:20:27.151	ZigZag_DowT USDJPY,H1: uninit reason 3
0	10:20:27.151	RSI USDJPY,H1: uninit reason 3
0	10:20:27.151	ZigZag_DowT USDJPY,M30: initialized
0	10:20:27.151	RSI USDJPY,M30: initialized
0	10:20:35.303	ZigZag_DowT USDJPY,M30: uninit reason 3
0	10:20:35.303	RSI USDJPY,M30: uninit reason 3
0	10:20:35.303	ZigZag_DowT USDJPY,M15: initialized
0	10:20:35.303	RSI USDJPY,M15: initialized
0	10:20:50.712	ZigZag_DowT USDJPY,M15: uninit reason 3
0	10:20:50.712	RSI USDJPY,M15: uninit reason 3
0	10:20:50.712	ZigZag_DowT USDJPY,M5: initialized
0	10:20:50.713	RSI USDJPY,M5: initialized
0	10:21:08.491	ZigZag_DowT USDJPY,M5: uninit reason 3
0	10:21:08.492	RSI USDJPY,M5: uninit reason 3
0	10:21:08.492	ZigZag_DowT USDJPY,M1: initialized
0	10:21:08.492	RSI USDJPY,M1: initialized
0	10:21:21.821	ZigZag_DowT USDJPY,M1: uninit reason 3
0	10:21:21.823	RSI USDJPY,M1: uninit reason 3
0	10:21:21.823	ZigZag_DowT USDJPY,M5: initialized
0	10:21:21.823	RSI USDJPY,M5: initialized
0	10:21:31.052	ZigZag_DowT USDJPY,M5: uninit reason 3
0	10:21:31.052	RSI USDJPY,M5: uninit reason 3
0	10:21:31.052	ZigZag_DowT USDJPY,M1: initialized
0	10:21:31.053	RSI USDJPY,M1: initialized
0	10:36:35.336	ZigZag_DowT USDJPY,M1: uninit reason 3
0	10:36:35.337	RSI USDJPY,M1: uninit reason 3
0	10:36:35.337	ZigZag_DowT USDJPY,M5: initialized
0	10:36:35.338	RSI USDJPY,M5: initialized
0	10:37:16.738	ZigZag_DowT USDJPY,M5: uninit reason 3
0	10:37:16.738	RSI USDJPY,M5: uninit reason 3
0	10:37:16.738	ZigZag_DowT USDJPY,M1: initialized
0	10:37:16.739	RSI USDJPY,M1: initialized
0	10:37:40.549	ZigZag_DowT USDJPY,M1: uninit reason 3
0	10:37:40.550	RSI USDJPY,M1: uninit reason 3
0	10:37:40.550	ZigZag_DowT USDJPY,M5: initialized
0	10:37:40.550	RSI USDJPY,M5: initialized
0	10:37:45.708	ZigZag_DowT USDJPY,M5: uninit reason 3
0	10:37:45.708	RSI USDJPY,M5: uninit reason 3
0	10:37:45.709	ZigZag_DowT USDJPY,M1: initialized
0	10:37:45.709	RSI USDJPY,M1: initialized
0	10:37:48.119	ZigZag_DowT USDJPY,M1: uninit reason 3
0	10:37:48.120	RSI USDJPY,M1: uninit reason 3
0	10:37:48.120	ZigZag_DowT USDJPY,M5: initialized
0	10:37:48.120	RSI USDJPY,M5: initialized
0	10:37:49.889	ZigZag_DowT USDJPY,M5: uninit reason 3
0	10:37:49.889	RSI USDJPY,M5: uninit reason 3
0	10:37:49.889	ZigZag_DowT USDJPY,M1: initialized
0	10:37:49.890	RSI USDJPY,M1: initialized
0	10:38:34.550	ZigZag_DowT USDJPY,M1: uninit reason 3
0	10:38:34.551	RSI USDJPY,M1: uninit reason 3
0	10:38:34.554	ZigZag_DowT USDJPY,H1: initialized
0	10:38:34.555	RSI USDJPY,H1: initialized
0	10:38:52.560	ZigZag_DowT USDJPY,H1: uninit reason 3
0	10:38:52.560	RSI USDJPY,H1: uninit reason 3
0	10:38:52.560	ZigZag_DowT USDJPY,M1: initialized
0	10:38:52.561	RSI USDJPY,M1: initialized
0	10:39:50.832	ZigZag_DowT USDJPY,M1: uninit reason 3
0	10:39:50.833	RSI USDJPY,M1: uninit reason 3
0	10:39:50.833	ZigZag_DowT USDJPY,M5: initialized
0	10:39:50.834	RSI USDJPY,M5: initialized
0	10:39:55.652	ZigZag_DowT USDJPY,M5: uninit reason 3
0	10:39:55.652	RSI USDJPY,M5: uninit reason 3
0	10:39:55.652	ZigZag_DowT USDJPY,M1: initialized
0	10:39:55.653	RSI USDJPY,M1: initialized
0	10:41:04.138	ZigZag_DowT USDJPY,M1: Alert: Short Entry Chance!
0	10:41:13.524	ZigZag_DowT USDJPY,M1: uninit reason 3
0	10:41:13.525	RSI USDJPY,M1: uninit reason 3
0	10:41:13.525	ZigZag_DowT USDJPY,M5: initialized
0	10:41:13.526	RSI USDJPY,M5: initialized
0	10:53:55.024	ZigZag_DowT USDJPY,M5: uninit reason 3
0	10:53:55.024	RSI USDJPY,M5: uninit reason 3
0	10:53:55.024	ZigZag_DowT USDJPY,M15: initialized
0	10:53:55.025	RSI USDJPY,M15: initialized
0	10:54:04.055	ZigZag_DowT USDJPY,M15: uninit reason 3
0	10:54:04.055	RSI USDJPY,M15: uninit reason 3
0	10:54:04.058	ZigZag_DowT USDJPY,M30: initialized
0	10:54:04.059	RSI USDJPY,M30: initialized
0	10:54:06.524	ZigZag_DowT USDJPY,M30: uninit reason 3
0	10:54:06.524	RSI USDJPY,M30: uninit reason 3
0	10:54:06.525	ZigZag_DowT USDJPY,H1: initialized
0	10:54:06.525	RSI USDJPY,H1: initialized
0	10:54:10.085	ZigZag_DowT USDJPY,H1: uninit reason 3
0	10:54:10.085	RSI USDJPY,H1: uninit reason 3
0	10:54:10.089	ZigZag_DowT USDJPY,H4: initialized
0	10:54:10.090	RSI USDJPY,H4: initialized
0	10:54:19.342	ZigZag_DowT USDJPY,H4: uninit reason 3
0	10:54:19.342	RSI USDJPY,H4: uninit reason 3
0	10:54:19.346	ZigZag_DowT USDJPY,Daily: initialized
0	10:54:19.346	RSI USDJPY,Daily: initialized
0	10:54:31.765	ZigZag_DowT USDJPY,Daily: uninit reason 3
0	10:54:31.766	RSI USDJPY,Daily: uninit reason 3
0	10:54:31.766	ZigZag_DowT USDJPY,H4: initialized
0	10:54:31.767	RSI USDJPY,H4: initialized
0	10:54:39.596	ZigZag_DowT USDJPY,H4: uninit reason 3
0	10:54:39.596	RSI USDJPY,H4: uninit reason 3
0	10:54:39.596	ZigZag_DowT USDJPY,H1: initialized
0	10:54:39.597	RSI USDJPY,H1: initialized
0	10:54:58.306	ZigZag_DowT USDJPY,H1: uninit reason 3
0	10:54:58.306	RSI USDJPY,H1: uninit reason 3
0	10:54:58.306	ZigZag_DowT USDJPY,M5: initialized
0	10:54:58.307	RSI USDJPY,M5: initialized
0	10:54:59.277	ZigZag_DowT USDJPY,M5: uninit reason 3
0	10:54:59.277	RSI USDJPY,M5: uninit reason 3
0	10:54:59.277	ZigZag_DowT USDJPY,M1: initialized
0	10:54:59.278	RSI USDJPY,M1: initialized
0	11:00:17.704	ZigZag_DowT USDJPY,M1: uninit reason 3
0	11:00:17.706	RSI USDJPY,M1: uninit reason 3
0	11:00:17.706	ZigZag_DowT USDJPY,M5: initialized
0	11:00:17.706	RSI USDJPY,M5: initialized
0	11:00:20.835	ZigZag_DowT USDJPY,M5: uninit reason 3
0	11:00:20.835	RSI USDJPY,M5: uninit reason 3
0	11:00:20.835	ZigZag_DowT USDJPY,M15: initialized
0	11:00:20.836	RSI USDJPY,M15: initialized
0	11:00:35.855	ZigZag_DowT USDJPY,M15: uninit reason 3
0	11:00:35.855	RSI USDJPY,M15: uninit reason 3
0	11:00:35.855	ZigZag_DowT USDJPY,M1: initialized
0	11:00:35.856	RSI USDJPY,M1: initialized
0	11:00:45.296	ZigZag_DowT USDJPY,M1: uninit reason 3
0	11:00:45.297	RSI USDJPY,M1: uninit reason 3
0	11:00:45.297	ZigZag_DowT USDJPY,M5: initialized
0	11:00:45.297	RSI USDJPY,M5: initialized
0	11:02:51.439	ZigZag_DowT USDJPY,M5: uninit reason 3
0	11:02:51.439	RSI USDJPY,M5: uninit reason 3
0	11:02:51.439	ZigZag_DowT USDJPY,M15: initialized
0	11:02:51.440	RSI USDJPY,M15: initialized
0	11:03:23.349	ZigZag_DowT USDJPY,M15: uninit reason 3
0	11:03:23.349	RSI USDJPY,M15: uninit reason 3
0	11:03:23.350	ZigZag_DowT USDJPY,H1: initialized
0	11:03:23.350	RSI USDJPY,H1: initialized
0	11:03:37.450	ZigZag_DowT USDJPY,H1: uninit reason 3
0	11:03:37.450	RSI USDJPY,H1: uninit reason 3
0	11:03:37.451	ZigZag_DowT USDJPY,H4: initialized
0	11:03:37.451	RSI USDJPY,H4: initialized
0	11:03:43.290	ZigZag_DowT USDJPY,H4: uninit reason 3
0	11:03:43.290	RSI USDJPY,H4: uninit reason 3
0	11:03:43.290	ZigZag_DowT USDJPY,H1: initialized
0	11:03:43.291	RSI USDJPY,H1: initialized
0	11:03:45.110	ZigZag_DowT USDJPY,H1: uninit reason 3
0	11:03:45.110	RSI USDJPY,H1: uninit reason 3
0	11:03:45.111	ZigZag_DowT USDJPY,M30: initialized
0	11:03:45.111	RSI USDJPY,M30: initialized
0	11:03:46.781	ZigZag_DowT USDJPY,M30: uninit reason 3
0	11:03:46.781	RSI USDJPY,M30: uninit reason 3
0	11:03:46.781	ZigZag_DowT USDJPY,M15: initialized
0	11:03:46.782	RSI USDJPY,M15: initialized
0	13:54:24.296	ZigZag_DowT USDJPY,M15: uninit reason 3
0	13:54:24.297	RSI USDJPY,M15: uninit reason 3
0	13:54:24.299	ZigZag_DowT USDJPY,M5: initialized
0	13:54:24.301	RSI USDJPY,M5: initialized
0	13:54:25.426	ZigZag_DowT USDJPY,M5: uninit reason 3
0	13:54:25.427	RSI USDJPY,M5: uninit reason 3
0	13:54:25.430	ZigZag_DowT USDJPY,M1: initialized
0	13:54:25.431	RSI USDJPY,M1: initialized
0	13:54:33.737	ZigZag_DowT USDJPY,M1: uninit reason 3
0	13:54:33.739	RSI USDJPY,M1: uninit reason 3
0	13:54:33.745	ZigZag_DowT USDJPY,H1: initialized
0	13:54:33.745	RSI USDJPY,H1: initialized
0	13:55:09.708	ZigZag_DowT USDJPY,H1: uninit reason 3
0	13:55:09.708	RSI USDJPY,H1: uninit reason 3
0	13:55:09.713	ZigZag_DowT USDJPY,M30: initialized
0	13:55:09.714	RSI USDJPY,M30: initialized
0	15:59:02.286	ZigZag_DowT USDJPY,M30: uninit reason 3
0	15:59:02.287	RSI USDJPY,M30: uninit reason 3
0	15:59:02.289	ZigZag_DowT USDJPY,M5: initialized
0	15:59:02.290	RSI USDJPY,M5: initialized
0	15:59:04.867	ZigZag_DowT USDJPY,M5: uninit reason 3
0	15:59:04.868	RSI USDJPY,M5: uninit reason 3
0	15:59:04.873	ZigZag_DowT USDJPY,M1: initialized
0	15:59:04.873	RSI USDJPY,M1: initialized
0	15:59:19.166	ZigZag_DowT USDJPY,M1: uninit reason 3
0	15:59:19.170	RSI USDJPY,M1: uninit reason 3
0	15:59:19.170	ZigZag_DowT USDJPY,M5: initialized
0	15:59:19.171	RSI USDJPY,M5: initialized
0	15:59:22.827	ZigZag_DowT USDJPY,M5: uninit reason 3
0	15:59:22.827	RSI USDJPY,M5: uninit reason 3
0	15:59:22.828	ZigZag_DowT USDJPY,M1: initialized
0	15:59:22.828	RSI USDJPY,M1: initialized
0	15:59:53.979	ZigZag_DowT USDJPY,M1: uninit reason 3
0	15:59:53.980	RSI USDJPY,M1: uninit reason 3
0	15:59:53.980	ZigZag_DowT USDJPY,M15: initialized
0	15:59:53.981	RSI USDJPY,M15: initialized
0	15:59:59.388	ZigZag_DowT USDJPY,M15: uninit reason 3
0	15:59:59.388	RSI USDJPY,M15: uninit reason 3
0	15:59:59.388	ZigZag_DowT USDJPY,H4: initialized
0	15:59:59.389	RSI USDJPY,H4: initialized
0	16:00:01.928	ZigZag_DowT USDJPY,H4: uninit reason 3
0	16:00:01.929	RSI USDJPY,H4: uninit reason 3
0	16:00:01.929	ZigZag_DowT USDJPY,H1: initialized
0	16:00:01.930	RSI USDJPY,H1: initialized
0	16:00:02.928	ZigZag_DowT USDJPY,H1: uninit reason 3
0	16:00:02.928	RSI USDJPY,H1: uninit reason 3
0	16:00:02.928	ZigZag_DowT USDJPY,M30: initialized
0	16:00:02.929	RSI USDJPY,M30: initialized
0	16:00:04.198	ZigZag_DowT USDJPY,M30: uninit reason 3
0	16:00:04.198	RSI USDJPY,M30: uninit reason 3
0	16:00:04.198	ZigZag_DowT USDJPY,M1: initialized
0	16:00:04.199	RSI USDJPY,M1: initialized
0	16:01:33.621	ZigZag_DowT USDJPY,M1: uninit reason 3
0	16:01:33.622	RSI USDJPY,M1: uninit reason 3
0	16:01:33.622	ZigZag_DowT USDJPY,M5: initialized
0	16:01:33.622	RSI USDJPY,M5: initialized
0	16:04:27.195	ZigZag_DowT USDJPY,M5: uninit reason 3
0	16:04:27.196	RSI USDJPY,M5: uninit reason 3
0	16:04:27.196	ZigZag_DowT USDJPY,M15: initialized
0	16:04:27.197	RSI USDJPY,M15: initialized
0	16:04:36.555	ZigZag_DowT USDJPY,M15: uninit reason 3
0	16:04:36.556	RSI USDJPY,M15: uninit reason 3
0	16:04:36.556	ZigZag_DowT USDJPY,M30: initialized
0	16:04:36.557	RSI USDJPY,M30: initialized
0	16:04:41.075	ZigZag_DowT USDJPY,M30: uninit reason 3
0	16:04:41.076	RSI USDJPY,M30: uninit reason 3
0	16:04:41.076	ZigZag_DowT USDJPY,M15: initialized
0	16:04:41.076	RSI USDJPY,M15: initialized
0	16:04:42.495	ZigZag_DowT USDJPY,M15: uninit reason 3
0	16:04:42.496	RSI USDJPY,M15: uninit reason 3
0	16:04:42.496	ZigZag_DowT USDJPY,H1: initialized
0	16:04:42.497	RSI USDJPY,H1: initialized
0	16:04:49.016	ZigZag_DowT USDJPY,H1: uninit reason 3
0	16:04:49.016	RSI USDJPY,H1: uninit reason 3
0	16:04:49.016	ZigZag_DowT USDJPY,M30: initialized
0	16:04:49.017	RSI USDJPY,M30: initialized
0	16:04:54.765	ZigZag_DowT USDJPY,M30: uninit reason 3
0	16:04:54.766	RSI USDJPY,M30: uninit reason 3
0	16:04:54.766	ZigZag_DowT USDJPY,M15: initialized
0	16:04:54.766	RSI USDJPY,M15: initialized
0	16:05:03.476	ZigZag_DowT USDJPY,M15: uninit reason 3
0	16:05:03.476	RSI USDJPY,M15: uninit reason 3
0	16:05:03.476	ZigZag_DowT USDJPY,M5: initialized
0	16:05:03.477	RSI USDJPY,M5: initialized
0	21:35:01.432	ZigZag_DowT USDJPY,M5: Alert: Short Entry Chance!
0	22:21:54.153	Custom indicator MACD USDJPY,M5: loaded successfully
0	22:22:12.318	Custom indicator MACD USDJPY,M5: removed
0	22:35:42.471	ZigZag_DowT USDJPY,M5: uninit reason 3
0	22:35:42.471	RSI USDJPY,M5: uninit reason 3
0	22:35:42.472	ZigZag_DowT USDJPY,M15: initialized
0	22:35:42.474	RSI USDJPY,M15: initialized
0	22:36:01.253	ZigZag_DowT USDJPY,M15: uninit reason 3
0	22:36:01.253	RSI USDJPY,M15: uninit reason 3
0	22:36:01.253	ZigZag_DowT USDJPY,M5: initialized
0	22:36:01.254	RSI USDJPY,M5: initialized
0	22:39:40.927	ZigZag_DowT USDJPY,M5: uninit reason 3
0	22:39:40.928	RSI USDJPY,M5: uninit reason 3
0	22:39:40.928	ZigZag_DowT USDJPY,M15: initialized
0	22:39:40.929	RSI USDJPY,M15: initialized
0	22:42:35.573	ZigZag_DowT USDJPY,M15: uninit reason 3
0	22:42:35.573	RSI USDJPY,M15: uninit reason 3
0	22:42:35.573	ZigZag_DowT USDJPY,M30: initialized
0	22:42:35.574	RSI USDJPY,M30: initialized
0	22:42:41.542	ZigZag_DowT USDJPY,M30: uninit reason 3
0	22:42:41.543	RSI USDJPY,M30: uninit reason 3
0	22:42:41.543	ZigZag_DowT USDJPY,H1: initialized
0	22:42:41.543	RSI USDJPY,H1: initialized
0	22:42:41.547	ZigZag_DowT USDJPY,H1: Alert: DOWN Trend Start!
0	22:44:53.106	ZigZag_DowT USDJPY,H1: uninit reason 3
0	22:44:53.106	RSI USDJPY,H1: uninit reason 3
0	22:44:53.107	ZigZag_DowT USDJPY,M1: initialized
0	22:44:53.107	RSI USDJPY,M1: initialized
0	22:45:12.266	ZigZag_DowT USDJPY,M1: uninit reason 3
0	22:45:12.269	RSI USDJPY,M1: uninit reason 3
0	22:45:12.269	ZigZag_DowT USDJPY,M5: initialized
0	22:45:12.269	RSI USDJPY,M5: initialized
0	22:45:15.096	ZigZag_DowT USDJPY,M5: uninit reason 3
0	22:45:15.097	RSI USDJPY,M5: uninit reason 3
0	22:45:15.097	ZigZag_DowT USDJPY,M30: initialized
0	22:45:15.098	RSI USDJPY,M30: initialized
0	22:45:24.266	ZigZag_DowT USDJPY,M30: uninit reason 3
0	22:45:24.267	RSI USDJPY,M30: uninit reason 3
0	22:45:24.267	ZigZag_DowT USDJPY,H1: initialized
0	22:45:24.267	RSI USDJPY,H1: initialized
0	22:45:24.271	ZigZag_DowT USDJPY,H1: Alert: DOWN Trend Start!
0	22:45:28.607	ZigZag_DowT USDJPY,H1: uninit reason 3
0	22:45:28.607	RSI USDJPY,H1: uninit reason 3
0	22:45:28.607	ZigZag_DowT USDJPY,M30: initialized
0	22:45:28.607	RSI USDJPY,M30: initialized
0	22:45:30.467	ZigZag_DowT USDJPY,M30: uninit reason 3
0	22:45:30.467	RSI USDJPY,M30: uninit reason 3
0	22:45:30.467	ZigZag_DowT USDJPY,M15: initialized
0	22:45:30.467	RSI USDJPY,M15: initialized
0	22:45:33.287	ZigZag_DowT USDJPY,M15: uninit reason 3
0	22:45:33.287	RSI USDJPY,M15: uninit reason 3
0	22:45:33.287	ZigZag_DowT USDJPY,M5: initialized
0	22:45:33.288	RSI USDJPY,M5: initialized
0	22:46:12.998	ZigZag_DowT USDJPY,M5: uninit reason 3
0	22:46:12.999	RSI USDJPY,M5: uninit reason 3
0	22:46:12.999	ZigZag_DowT USDJPY,M1: initialized
0	22:46:13.000	RSI USDJPY,M1: initialized
0	22:46:14.578	ZigZag_DowT USDJPY,M1: uninit reason 3
0	22:46:14.580	RSI USDJPY,M1: uninit reason 3
0	22:46:14.580	ZigZag_DowT USDJPY,M5: initialized
0	22:46:14.581	RSI USDJPY,M5: initialized
0	22:46:42.189	ZigZag_DowT USDJPY,M5: uninit reason 3
0	22:46:42.190	RSI USDJPY,M5: uninit reason 3
0	22:46:42.190	ZigZag_DowT USDJPY,M15: initialized
0	22:46:42.190	RSI USDJPY,M15: initialized
0	22:46:45.148	ZigZag_DowT USDJPY,M15: uninit reason 3
0	22:46:45.149	RSI USDJPY,M15: uninit reason 3
0	22:46:45.149	ZigZag_DowT USDJPY,M5: initialized
0	22:46:45.149	RSI USDJPY,M5: initialized
0	22:46:50.349	ZigZag_DowT USDJPY,M5: uninit reason 3
0	22:46:50.350	RSI USDJPY,M5: uninit reason 3
0	22:46:50.350	ZigZag_DowT USDJPY,M1: initialized
0	22:46:50.351	RSI USDJPY,M1: initialized
0	22:53:36.651	ZigZag_DowT USDJPY,M1: uninit reason 3
0	22:53:36.653	RSI USDJPY,M1: uninit reason 3
0	22:53:36.653	ZigZag_DowT USDJPY,M5: initialized
0	22:53:36.654	RSI USDJPY,M5: initialized
0	22:54:06.241	ZigZag_DowT USDJPY,M5: uninit reason 3
0	22:54:06.241	RSI USDJPY,M5: uninit reason 3
0	22:54:06.241	ZigZag_DowT USDJPY,M1: initialized
0	22:54:06.242	RSI USDJPY,M1: initialized
0	22:58:32.488	ZigZag_DowT USDJPY,M1: uninit reason 3
0	22:58:32.491	RSI USDJPY,M1: uninit reason 3
0	22:58:32.491	ZigZag_DowT USDJPY,M5: initialized
0	22:58:32.492	RSI USDJPY,M5: initialized
0	22:58:36.127	ZigZag_DowT USDJPY,M5: uninit reason 3
0	22:58:36.128	RSI USDJPY,M5: uninit reason 3
0	22:58:36.128	ZigZag_DowT USDJPY,M1: initialized
0	22:58:36.129	RSI USDJPY,M1: initialized
0	23:00:02.800	ZigZag_DowT USDJPY,M1: uninit reason 3
0	23:00:02.802	RSI USDJPY,M1: uninit reason 3
0	23:00:02.803	ZigZag_DowT USDJPY,M5: initialized
0	23:00:02.803	RSI USDJPY,M5: initialized
0	23:00:15.831	ZigZag_DowT USDJPY,M5: uninit reason 3
0	23:00:15.832	RSI USDJPY,M5: uninit reason 3
0	23:00:15.832	ZigZag_DowT USDJPY,M1: initialized
0	23:00:15.833	RSI USDJPY,M1: initialized
0	23:01:43.463	ZigZag_DowT USDJPY,M1: uninit reason 3
0	23:01:43.465	RSI USDJPY,M1: uninit reason 3
0	23:01:43.465	ZigZag_DowT USDJPY,M5: initialized
0	23:01:43.466	RSI USDJPY,M5: initialized
0	23:01:53.983	ZigZag_DowT USDJPY,M5: uninit reason 3
0	23:01:53.984	RSI USDJPY,M5: uninit reason 3
0	23:01:53.984	ZigZag_DowT USDJPY,M1: initialized
0	23:01:53.985	RSI USDJPY,M1: initialized
0	23:03:58.857	ZigZag_DowT USDJPY,M1: uninit reason 3
0	23:03:58.859	RSI USDJPY,M1: uninit reason 3
0	23:03:58.860	ZigZag_DowT USDJPY,M5: initialized
0	23:03:58.860	RSI USDJPY,M5: initialized
0	23:04:10.207	ZigZag_DowT USDJPY,M5: uninit reason 3
0	23:04:10.207	RSI USDJPY,M5: uninit reason 3
0	23:04:10.208	ZigZag_DowT USDJPY,M1: initialized
0	23:04:10.208	RSI USDJPY,M1: initialized
0	23:05:11.999	ZigZag_DowT USDJPY,M1: uninit reason 3
0	23:05:12.002	RSI USDJPY,M1: uninit reason 3
0	23:05:12.002	ZigZag_DowT USDJPY,M5: initialized
0	23:05:12.003	RSI USDJPY,M5: initialized
0	23:05:45.560	ZigZag_DowT USDJPY,M5: uninit reason 3
0	23:05:45.560	RSI USDJPY,M5: uninit reason 3
0	23:05:45.560	ZigZag_DowT USDJPY,M1: initialized
0	23:05:45.561	RSI USDJPY,M1: initialized
0	23:07:54.764	ZigZag_DowT USDJPY,M1: uninit reason 3
0	23:07:54.766	RSI USDJPY,M1: uninit reason 3
0	23:07:54.766	ZigZag_DowT USDJPY,M5: initialized
0	23:07:54.767	RSI USDJPY,M5: initialized
0	23:07:59.933	ZigZag_DowT USDJPY,M5: uninit reason 3
0	23:07:59.933	RSI USDJPY,M5: uninit reason 3
0	23:07:59.933	ZigZag_DowT USDJPY,M30: initialized
0	23:07:59.934	RSI USDJPY,M30: initialized
0	23:08:07.823	ZigZag_DowT USDJPY,M30: uninit reason 3
0	23:08:07.823	RSI USDJPY,M30: uninit reason 3
0	23:08:07.823	ZigZag_DowT USDJPY,M15: initialized
0	23:08:07.824	RSI USDJPY,M15: initialized
0	23:08:24.013	ZigZag_DowT USDJPY,M15: uninit reason 3
0	23:08:24.013	RSI USDJPY,M15: uninit reason 3
0	23:08:24.014	ZigZag_DowT USDJPY,M5: initialized
0	23:08:24.014	RSI USDJPY,M5: initialized
0	23:08:48.134	ZigZag_DowT USDJPY,M5: uninit reason 3
0	23:08:48.135	RSI USDJPY,M5: uninit reason 3
0	23:08:48.135	ZigZag_DowT USDJPY,M1: initialized
0	23:08:48.135	RSI USDJPY,M1: initialized
0	23:52:47.684	ZigZag_DowT USDJPY,M1: uninit reason 3
0	23:52:47.687	RSI USDJPY,M1: uninit reason 3
0	23:52:47.687	ZigZag_DowT USDJPY,M5: initialized
0	23:52:47.688	RSI USDJPY,M5: initialized
0	23:52:53.485	ZigZag_DowT USDJPY,M5: uninit reason 3
0	23:52:53.485	RSI USDJPY,M5: uninit reason 3
0	23:52:53.486	ZigZag_DowT USDJPY,M1: initialized
0	23:52:53.486	RSI USDJPY,M1: initialized
