0	09:01:17.979	Custom indicator ZigZag_DowT USDJPY,Daily: loaded successfully
0	09:01:17.986	Custom indicator RSI USDJPY,Daily: loaded successfully
0	09:01:17.997	ZigZag_DowT USDJPY,Daily: initialized
0	09:01:18.005	RSI USDJPY,Daily: initialized
0	09:01:18.030	Custom indicator ZigZag_DowT EURUSD,M1: loaded successfully
0	09:01:18.037	Custom indicator ZigZag_S-TYPE EURUSD,M1: loaded successfully
0	09:01:18.043	Custom indicator RSI EURUSD,M1: loaded successfully
0	09:01:18.054	ZigZag_DowT EURUSD,M1: initialized
0	09:01:18.068	ZigZag_S-TYPE EURUSD,M1: initialized
0	09:01:18.075	RSI EURUSD,M1: initialized
0	09:01:18.133	Custom indicator ZigZag_S-TYPE GBPJPY,M1: loaded successfully
0	09:01:18.146	ZigZag_S-TYPE GBPJPY,M1: initialized
0	09:01:18.175	Custom indicator ZigZag_DowT AUDUSD,H1: loaded successfully
0	09:01:18.185	ZigZag_DowT AUDUSD,H1: initialized
0	09:01:18.209	Custom indicator Bands USDJPY,H4: loaded successfully
0	09:01:18.215	Custom indicator Bands USDJPY,H4: loaded successfully
0	09:01:18.222	Custom indicator ATR USDJPY,H4: loaded successfully
0	09:01:18.233	Bands USDJPY,H4: initialized
0	09:01:18.241	Bands USDJPY,H4: initialized
0	09:01:18.248	ATR USDJPY,H4: initialized
0	09:01:23.594	ZigZag_DowT USDJPY,Daily: uninit reason 3
0	09:01:23.594	RSI USDJPY,Daily: uninit reason 3
0	09:01:23.595	ZigZag_DowT USDJPY,M5: initialized
0	09:01:23.595	RSI USDJPY,M5: initialized
0	09:01:32.684	ZigZag_DowT USDJPY,M5: uninit reason 3
0	09:01:32.684	RSI USDJPY,M5: uninit reason 3
0	09:01:32.686	ZigZag_DowT USDJPY,M1: initialized
0	09:01:32.686	RSI USDJPY,M1: initialized
0	09:01:35.835	ZigZag_DowT USDJPY,M1: uninit reason 3
0	09:01:35.838	RSI USDJPY,M1: uninit reason 3
0	09:01:35.838	ZigZag_DowT USDJPY,M5: initialized
0	09:01:35.838	RSI USDJPY,M5: initialized
0	09:03:10.147	ZigZag_DowT USDJPY,M5: uninit reason 3
0	09:03:10.147	RSI USDJPY,M5: uninit reason 3
0	09:03:10.148	ZigZag_DowT USDJPY,M15: initialized
0	09:03:10.149	RSI USDJPY,M15: initialized
0	09:03:33.248	ZigZag_DowT USDJPY,M15: uninit reason 3
0	09:03:33.248	RSI USDJPY,M15: uninit reason 3
0	09:03:33.248	ZigZag_DowT USDJPY,M5: initialized
0	09:03:33.249	RSI USDJPY,M5: initialized
0	09:03:41.318	ZigZag_DowT USDJPY,M5: uninit reason 3
0	09:03:41.318	RSI USDJPY,M5: uninit reason 3
0	09:03:41.320	ZigZag_DowT USDJPY,M1: initialized
0	09:03:41.320	RSI USDJPY,M1: initialized
0	09:04:26.580	ZigZag_DowT USDJPY,M1: uninit reason 3
0	09:04:26.582	RSI USDJPY,M1: uninit reason 3
0	09:04:26.587	ZigZag_DowT USDJPY,M30: initialized
0	09:04:26.588	RSI USDJPY,M30: initialized
0	09:04:28.339	ZigZag_DowT USDJPY,M30: uninit reason 3
0	09:04:28.339	RSI USDJPY,M30: uninit reason 3
0	09:04:28.339	ZigZag_DowT USDJPY,H1: initialized
0	09:04:28.340	RSI USDJPY,H1: initialized
0	09:04:34.749	ZigZag_DowT USDJPY,H1: uninit reason 3
0	09:04:34.749	RSI USDJPY,H1: uninit reason 3
0	09:04:34.749	ZigZag_DowT USDJPY,M1: initialized
0	09:04:34.750	RSI USDJPY,M1: initialized
0	09:05:27.831	ZigZag_DowT USDJPY,M1: uninit reason 3
0	09:05:27.834	RSI USDJPY,M1: uninit reason 3
0	09:05:27.834	ZigZag_DowT USDJPY,H1: initialized
0	09:05:27.836	RSI USDJPY,H1: initialized
0	09:05:42.702	ZigZag_DowT USDJPY,H1: uninit reason 3
0	09:05:42.702	RSI USDJPY,H1: uninit reason 3
0	09:05:42.702	ZigZag_DowT USDJPY,Daily: initialized
0	09:05:42.703	RSI USDJPY,Daily: initialized
0	09:06:54.793	ZigZag_DowT USDJPY,Daily: uninit reason 3
0	09:06:54.793	RSI USDJPY,Daily: uninit reason 3
0	09:06:54.793	ZigZag_DowT USDJPY,M5: initialized
0	09:06:54.794	RSI USDJPY,M5: initialized
0	09:06:56.204	ZigZag_DowT USDJPY,M5: uninit reason 3
0	09:06:56.204	RSI USDJPY,M5: uninit reason 3
0	09:06:56.206	ZigZag_DowT USDJPY,M1: initialized
0	09:06:56.207	RSI USDJPY,M1: initialized
0	09:07:08.244	ZigZag_DowT USDJPY,M1: uninit reason 3
0	09:07:08.247	RSI USDJPY,M1: uninit reason 3
0	09:07:08.247	ZigZag_DowT USDJPY,M5: initialized
0	09:07:08.248	RSI USDJPY,M5: initialized
0	09:07:11.964	ZigZag_DowT USDJPY,M5: uninit reason 3
0	09:07:11.964	RSI USDJPY,M5: uninit reason 3
0	09:07:11.964	ZigZag_DowT USDJPY,M1: initialized
0	09:07:11.965	RSI USDJPY,M1: initialized
0	09:07:13.664	ZigZag_DowT USDJPY,M1: uninit reason 3
0	09:07:13.667	RSI USDJPY,M1: uninit reason 3
0	09:07:13.667	ZigZag_DowT USDJPY,M5: initialized
0	09:07:13.668	RSI USDJPY,M5: initialized
0	09:07:17.254	ZigZag_DowT USDJPY,M5: uninit reason 3
0	09:07:17.254	RSI USDJPY,M5: uninit reason 3
0	09:07:17.254	ZigZag_DowT USDJPY,M1: initialized
0	09:07:17.255	RSI USDJPY,M1: initialized
0	09:07:20.854	ZigZag_DowT USDJPY,M1: uninit reason 3
0	09:07:20.858	RSI USDJPY,M1: uninit reason 3
0	09:07:20.858	ZigZag_DowT USDJPY,M5: initialized
0	09:07:20.858	RSI USDJPY,M5: initialized
0	09:07:32.215	ZigZag_DowT USDJPY,M5: uninit reason 3
0	09:07:32.215	RSI USDJPY,M5: uninit reason 3
0	09:07:32.215	ZigZag_DowT USDJPY,H4: initialized
0	09:07:32.216	RSI USDJPY,H4: initialized
0	09:07:35.104	ZigZag_DowT USDJPY,H4: uninit reason 3
0	09:07:35.105	RSI USDJPY,H4: uninit reason 3
0	09:07:35.106	ZigZag_DowT USDJPY,M1: initialized
0	09:07:35.108	RSI USDJPY,M1: initialized
0	09:07:44.265	ZigZag_DowT USDJPY,M1: uninit reason 3
0	09:07:44.268	RSI USDJPY,M1: uninit reason 3
0	09:07:44.268	ZigZag_DowT USDJPY,M5: initialized
0	09:07:44.268	RSI USDJPY,M5: initialized
0	09:07:47.805	ZigZag_DowT USDJPY,M5: uninit reason 3
0	09:07:47.806	RSI USDJPY,M5: uninit reason 3
0	09:07:47.806	ZigZag_DowT USDJPY,H1: initialized
0	09:07:47.806	RSI USDJPY,H1: initialized
0	09:07:55.625	ZigZag_DowT USDJPY,H1: uninit reason 3
0	09:07:55.625	RSI USDJPY,H1: uninit reason 3
0	09:07:55.626	ZigZag_DowT USDJPY,M1: initialized
0	09:07:55.628	RSI USDJPY,M1: initialized
0	09:08:09.565	ZigZag_DowT USDJPY,M1: uninit reason 3
0	09:08:09.568	RSI USDJPY,M1: uninit reason 3
0	09:08:09.568	ZigZag_DowT USDJPY,M5: initialized
0	09:08:09.569	RSI USDJPY,M5: initialized
0	09:08:36.066	ZigZag_DowT USDJPY,M5: uninit reason 3
0	09:08:36.066	RSI USDJPY,M5: uninit reason 3
0	09:08:36.068	ZigZag_DowT USDJPY,M1: initialized
0	09:08:36.069	RSI USDJPY,M1: initialized
0	09:08:38.197	ZigZag_DowT USDJPY,M1: uninit reason 3
0	09:08:38.200	RSI USDJPY,M1: uninit reason 3
0	09:08:38.200	ZigZag_DowT USDJPY,M5: initialized
0	09:08:38.200	RSI USDJPY,M5: initialized
0	09:09:25.268	ZigZag_DowT USDJPY,M5: uninit reason 3
0	09:09:25.268	RSI USDJPY,M5: uninit reason 3
0	09:09:25.269	ZigZag_DowT USDJPY,M1: initialized
0	09:09:25.270	RSI USDJPY,M1: initialized
0	09:09:27.328	ZigZag_DowT USDJPY,M1: uninit reason 3
0	09:09:27.331	RSI USDJPY,M1: uninit reason 3
0	09:09:27.331	ZigZag_DowT USDJPY,H1: initialized
0	09:09:27.332	RSI USDJPY,H1: initialized
0	09:09:37.748	ZigZag_DowT USDJPY,H1: uninit reason 3
0	09:09:37.748	RSI USDJPY,H1: uninit reason 3
0	09:09:37.749	ZigZag_DowT USDJPY,M15: initialized
0	09:09:37.749	RSI USDJPY,M15: initialized
0	09:09:45.588	ZigZag_DowT USDJPY,M15: uninit reason 3
0	09:09:45.588	RSI USDJPY,M15: uninit reason 3
0	09:09:45.588	ZigZag_DowT USDJPY,M5: initialized
0	09:09:45.589	RSI USDJPY,M5: initialized
0	09:09:50.579	ZigZag_DowT USDJPY,M5: uninit reason 3
0	09:09:50.579	RSI USDJPY,M5: uninit reason 3
0	09:09:50.579	ZigZag_DowT USDJPY,H1: initialized
0	09:09:50.580	RSI USDJPY,H1: initialized
0	09:09:52.389	ZigZag_DowT USDJPY,H1: uninit reason 3
0	09:09:52.389	RSI USDJPY,H1: uninit reason 3
0	09:09:52.389	ZigZag_DowT USDJPY,M5: initialized
0	09:09:52.389	RSI USDJPY,M5: initialized
0	09:09:56.658	ZigZag_DowT USDJPY,M5: uninit reason 3
0	09:09:56.658	RSI USDJPY,M5: uninit reason 3
0	09:09:56.661	ZigZag_DowT USDJPY,M1: initialized
0	09:09:56.661	RSI USDJPY,M1: initialized
0	09:10:18.589	ZigZag_DowT USDJPY,M1: uninit reason 3
0	09:10:18.592	RSI USDJPY,M1: uninit reason 3
0	09:10:18.592	ZigZag_DowT USDJPY,H1: initialized
0	09:10:18.593	RSI USDJPY,H1: initialized
0	09:10:56.071	ZigZag_DowT USDJPY,H1: uninit reason 3
0	09:10:56.071	RSI USDJPY,H1: uninit reason 3
0	09:10:56.071	ZigZag_DowT USDJPY,M5: initialized
0	09:10:56.072	RSI USDJPY,M5: initialized
0	09:10:59.921	ZigZag_DowT USDJPY,M5: uninit reason 3
0	09:10:59.921	RSI USDJPY,M5: uninit reason 3
0	09:10:59.921	ZigZag_DowT USDJPY,M30: initialized
0	09:10:59.922	RSI USDJPY,M30: initialized
0	09:11:02.420	ZigZag_DowT USDJPY,M30: uninit reason 3
0	09:11:02.420	RSI USDJPY,M30: uninit reason 3
0	09:11:02.421	ZigZag_DowT USDJPY,M15: initialized
0	09:11:02.421	RSI USDJPY,M15: initialized
0	09:11:06.240	ZigZag_DowT USDJPY,M15: uninit reason 3
0	09:11:06.240	RSI USDJPY,M15: uninit reason 3
0	09:11:06.240	ZigZag_DowT USDJPY,M5: initialized
0	09:11:06.241	RSI USDJPY,M5: initialized
0	09:12:00.511	Custom indicator Bands USDJPY,M5: loaded successfully
0	09:12:04.706	Bands USDJPY,M5: initialized
0	09:12:46.743	ZigZag_DowT USDJPY,M5: uninit reason 3
0	09:12:46.744	Bands USDJPY,M5: uninit reason 3
0	09:12:46.744	RSI USDJPY,M5: uninit reason 3
0	09:12:46.744	ZigZag_DowT USDJPY,M15: initialized
0	09:12:46.744	Bands USDJPY,M15: initialized
0	09:12:46.744	RSI USDJPY,M15: initialized
0	09:12:51.113	ZigZag_DowT USDJPY,M15: uninit reason 3
0	09:12:51.114	Bands USDJPY,M15: uninit reason 3
0	09:12:51.114	RSI USDJPY,M15: uninit reason 3
0	09:12:51.114	ZigZag_DowT USDJPY,M5: initialized
0	09:12:51.114	Bands USDJPY,M5: initialized
0	09:12:51.115	RSI USDJPY,M5: initialized
0	09:12:52.513	ZigZag_DowT USDJPY,M5: uninit reason 3
0	09:12:52.513	Bands USDJPY,M5: uninit reason 3
0	09:12:52.513	RSI USDJPY,M5: uninit reason 3
0	09:12:52.516	ZigZag_DowT USDJPY,M1: initialized
0	09:12:52.516	Bands USDJPY,M1: initialized
0	09:12:52.517	RSI USDJPY,M1: initialized
0	09:12:56.213	ZigZag_DowT USDJPY,M1: uninit reason 3
0	09:12:56.216	Bands USDJPY,M1: uninit reason 3
0	09:12:56.216	RSI USDJPY,M1: uninit reason 3
0	09:12:56.216	ZigZag_DowT USDJPY,M5: initialized
0	09:12:56.217	Bands USDJPY,M5: initialized
0	09:12:56.217	RSI USDJPY,M5: initialized
0	09:13:42.074	ZigZag_DowT USDJPY,M5: uninit reason 3
0	09:13:42.074	Bands USDJPY,M5: uninit reason 3
0	09:13:42.074	RSI USDJPY,M5: uninit reason 3
0	09:13:42.077	ZigZag_DowT USDJPY,M1: initialized
0	09:13:42.077	Bands USDJPY,M1: initialized
0	09:13:42.078	RSI USDJPY,M1: initialized
0	09:13:42.121	ZigZag_DowT USDJPY,M1: Alert: DOWN Trend Start!
0	09:13:42.279	ZigZag_DowT USDJPY,M1: Alert: DOWN Trend Start!
0	09:13:54.435	ZigZag_DowT USDJPY,M1: uninit reason 3
0	09:13:54.438	Bands USDJPY,M1: uninit reason 3
0	09:13:54.438	RSI USDJPY,M1: uninit reason 3
0	09:13:54.438	ZigZag_DowT USDJPY,M5: initialized
0	09:13:54.439	Bands USDJPY,M5: initialized
0	09:13:54.440	RSI USDJPY,M5: initialized
0	09:13:56.335	ZigZag_DowT USDJPY,M5: uninit reason 3
0	09:13:56.335	Bands USDJPY,M5: uninit reason 3
0	09:13:56.335	RSI USDJPY,M5: uninit reason 3
0	09:13:56.335	ZigZag_DowT USDJPY,M1: initialized
0	09:13:56.336	Bands USDJPY,M1: initialized
0	09:13:56.336	RSI USDJPY,M1: initialized
0	09:13:56.380	ZigZag_DowT USDJPY,M1: Alert: DOWN Trend Start!
0	09:14:15.345	ZigZag_DowT USDJPY,M1: uninit reason 3
0	09:14:15.349	Bands USDJPY,M1: uninit reason 3
0	09:14:15.349	RSI USDJPY,M1: uninit reason 3
0	09:14:15.349	ZigZag_DowT USDJPY,M5: initialized
0	09:14:15.350	Bands USDJPY,M5: initialized
0	09:14:15.350	RSI USDJPY,M5: initialized
0	09:14:30.266	ZigZag_DowT USDJPY,M5: uninit reason 3
0	09:14:30.267	Bands USDJPY,M5: uninit reason 3
0	09:14:30.267	RSI USDJPY,M5: uninit reason 3
0	09:14:30.267	ZigZag_DowT USDJPY,M30: initialized
0	09:14:30.268	Bands USDJPY,M30: initialized
0	09:14:30.268	RSI USDJPY,M30: initialized
0	09:14:34.186	ZigZag_DowT USDJPY,M30: uninit reason 3
0	09:14:34.187	Bands USDJPY,M30: uninit reason 3
0	09:14:34.187	RSI USDJPY,M30: uninit reason 3
0	09:14:34.187	ZigZag_DowT USDJPY,M5: initialized
0	09:14:34.187	Bands USDJPY,M5: initialized
0	09:14:34.188	RSI USDJPY,M5: initialized
0	09:16:19.570	ZigZag_DowT USDJPY,M5: uninit reason 3
0	09:16:19.570	Bands USDJPY,M5: uninit reason 3
0	09:16:19.570	RSI USDJPY,M5: uninit reason 3
0	09:16:19.571	ZigZag_DowT USDJPY,M1: initialized
0	09:16:19.572	Bands USDJPY,M1: initialized
0	09:16:19.573	RSI USDJPY,M1: initialized
0	09:16:26.219	ZigZag_DowT USDJPY,M1: uninit reason 3
0	09:16:26.222	Bands USDJPY,M1: uninit reason 3
0	09:16:26.222	RSI USDJPY,M1: uninit reason 3
0	09:16:26.222	ZigZag_DowT USDJPY,M5: initialized
0	09:16:26.223	Bands USDJPY,M5: initialized
0	09:16:26.223	RSI USDJPY,M5: initialized
0	09:17:17.511	ZigZag_DowT USDJPY,M5: uninit reason 3
0	09:17:17.511	Bands USDJPY,M5: uninit reason 3
0	09:17:17.511	RSI USDJPY,M5: uninit reason 3
0	09:17:17.511	ZigZag_DowT USDJPY,H4: initialized
0	09:17:17.512	Bands USDJPY,H4: initialized
0	09:17:17.512	RSI USDJPY,H4: initialized
0	09:17:37.051	ZigZag_DowT USDJPY,H4: uninit reason 3
0	09:17:37.052	Bands USDJPY,H4: uninit reason 3
0	09:17:37.052	RSI USDJPY,H4: uninit reason 3
0	09:17:37.052	ZigZag_DowT USDJPY,H1: initialized
0	09:17:37.053	Bands USDJPY,H1: initialized
0	09:17:37.053	RSI USDJPY,H1: initialized
0	09:17:39.402	ZigZag_DowT USDJPY,H1: uninit reason 3
0	09:17:39.402	Bands USDJPY,H1: uninit reason 3
0	09:17:39.402	RSI USDJPY,H1: uninit reason 3
0	09:17:39.404	ZigZag_DowT USDJPY,M1: initialized
0	09:17:39.404	Bands USDJPY,M1: initialized
0	09:17:39.405	RSI USDJPY,M1: initialized
0	09:19:36.814	ZigZag_DowT USDJPY,M1: uninit reason 3
0	09:19:36.818	Bands USDJPY,M1: uninit reason 3
0	09:19:36.818	RSI USDJPY,M1: uninit reason 3
0	09:19:36.818	ZigZag_DowT USDJPY,M5: initialized
0	09:19:36.818	Bands USDJPY,M5: initialized
0	09:19:36.819	RSI USDJPY,M5: initialized
0	09:20:19.307	ZigZag_DowT USDJPY,M5: uninit reason 3
0	09:20:19.307	Bands USDJPY,M5: uninit reason 3
0	09:20:19.307	RSI USDJPY,M5: uninit reason 3
0	09:20:19.309	ZigZag_DowT USDJPY,M1: initialized
0	09:20:19.310	Bands USDJPY,M1: initialized
0	09:20:19.310	RSI USDJPY,M1: initialized
0	09:20:21.956	ZigZag_DowT USDJPY,M1: uninit reason 3
0	09:20:21.960	Bands USDJPY,M1: uninit reason 3
0	09:20:21.960	RSI USDJPY,M1: uninit reason 3
0	09:20:21.960	ZigZag_DowT USDJPY,M5: initialized
0	09:20:21.960	Bands USDJPY,M5: initialized
0	09:20:21.961	RSI USDJPY,M5: initialized
0	09:20:32.727	ZigZag_DowT USDJPY,M5: uninit reason 3
0	09:20:32.727	Bands USDJPY,M5: uninit reason 3
0	09:20:32.727	RSI USDJPY,M5: uninit reason 3
0	09:20:32.727	ZigZag_DowT USDJPY,H1: initialized
0	09:20:32.728	Bands USDJPY,H1: initialized
0	09:20:32.729	RSI USDJPY,H1: initialized
0	09:20:39.547	ZigZag_DowT USDJPY,H1: uninit reason 3
0	09:20:39.547	Bands USDJPY,H1: uninit reason 3
0	09:20:39.547	RSI USDJPY,H1: uninit reason 3
0	09:20:39.547	ZigZag_DowT USDJPY,H4: initialized
0	09:20:39.548	Bands USDJPY,H4: initialized
0	09:20:39.548	RSI USDJPY,H4: initialized
0	09:20:48.277	ZigZag_DowT USDJPY,H4: uninit reason 3
0	09:20:48.278	Bands USDJPY,H4: uninit reason 3
0	09:20:48.278	RSI USDJPY,H4: uninit reason 3
0	09:20:48.278	ZigZag_DowT USDJPY,M30: initialized
0	09:20:48.279	Bands USDJPY,M30: initialized
0	09:20:48.279	RSI USDJPY,M30: initialized
0	09:20:49.757	ZigZag_DowT USDJPY,M30: uninit reason 3
0	09:20:49.757	Bands USDJPY,M30: uninit reason 3
0	09:20:49.757	RSI USDJPY,M30: uninit reason 3
0	09:20:49.757	ZigZag_DowT USDJPY,M5: initialized
0	09:20:49.758	Bands USDJPY,M5: initialized
0	09:20:49.759	RSI USDJPY,M5: initialized
0	09:20:56.077	ZigZag_DowT USDJPY,M5: uninit reason 3
0	09:20:56.077	Bands USDJPY,M5: uninit reason 3
0	09:20:56.077	RSI USDJPY,M5: uninit reason 3
0	09:20:56.078	ZigZag_DowT USDJPY,M15: initialized
0	09:20:56.078	Bands USDJPY,M15: initialized
0	09:20:56.079	RSI USDJPY,M15: initialized
0	09:20:57.717	ZigZag_DowT USDJPY,M15: uninit reason 3
0	09:20:57.717	Bands USDJPY,M15: uninit reason 3
0	09:20:57.717	RSI USDJPY,M15: uninit reason 3
0	09:20:57.719	ZigZag_DowT USDJPY,M1: initialized
0	09:20:57.720	Bands USDJPY,M1: initialized
0	09:20:57.720	RSI USDJPY,M1: initialized
0	09:21:36.358	ZigZag_DowT USDJPY,M1: uninit reason 3
0	09:21:36.361	Bands USDJPY,M1: uninit reason 3
0	09:21:36.361	RSI USDJPY,M1: uninit reason 3
0	09:21:36.361	ZigZag_DowT USDJPY,M5: initialized
0	09:21:36.361	Bands USDJPY,M5: initialized
0	09:21:36.362	RSI USDJPY,M5: initialized
0	09:21:50.719	ZigZag_DowT USDJPY,M5: uninit reason 3
0	09:21:50.719	Bands USDJPY,M5: uninit reason 3
0	09:21:50.719	RSI USDJPY,M5: uninit reason 3
0	09:21:50.721	ZigZag_DowT USDJPY,M1: initialized
0	09:21:50.722	Bands USDJPY,M1: initialized
0	09:21:50.722	RSI USDJPY,M1: initialized
0	09:22:00.440	ZigZag_DowT USDJPY,M1: uninit reason 3
0	09:22:00.443	Bands USDJPY,M1: uninit reason 3
0	09:22:00.443	RSI USDJPY,M1: uninit reason 3
0	09:22:00.443	ZigZag_DowT USDJPY,M5: initialized
0	09:22:00.444	Bands USDJPY,M5: initialized
0	09:22:00.444	RSI USDJPY,M5: initialized
0	09:22:07.289	ZigZag_DowT USDJPY,M5: uninit reason 3
0	09:22:07.290	Bands USDJPY,M5: uninit reason 3
0	09:22:07.290	RSI USDJPY,M5: uninit reason 3
0	09:22:07.290	ZigZag_DowT USDJPY,M1: initialized
0	09:22:07.291	Bands USDJPY,M1: initialized
0	09:22:07.291	RSI USDJPY,M1: initialized
0	09:22:16.370	ZigZag_DowT USDJPY,M1: uninit reason 3
0	09:22:16.373	Bands USDJPY,M1: uninit reason 3
0	09:22:16.373	RSI USDJPY,M1: uninit reason 3
0	09:22:16.373	ZigZag_DowT USDJPY,M5: initialized
0	09:22:16.374	Bands USDJPY,M5: initialized
0	09:22:16.374	RSI USDJPY,M5: initialized
0	09:22:38.569	ZigZag_DowT USDJPY,M5: uninit reason 3
0	09:22:38.570	Bands USDJPY,M5: uninit reason 3
0	09:22:38.570	RSI USDJPY,M5: uninit reason 3
0	09:22:38.571	ZigZag_DowT USDJPY,M1: initialized
0	09:22:38.572	Bands USDJPY,M1: initialized
0	09:22:38.572	RSI USDJPY,M1: initialized
0	09:22:43.890	ZigZag_DowT USDJPY,M1: uninit reason 3
0	09:22:43.893	Bands USDJPY,M1: uninit reason 3
0	09:22:43.893	RSI USDJPY,M1: uninit reason 3
0	09:22:43.893	ZigZag_DowT USDJPY,M30: initialized
0	09:22:43.895	Bands USDJPY,M30: initialized
0	09:22:43.895	RSI USDJPY,M30: initialized
0	09:22:44.660	ZigZag_DowT USDJPY,M30: uninit reason 3
0	09:22:44.660	Bands USDJPY,M30: uninit reason 3
0	09:22:44.660	RSI USDJPY,M30: uninit reason 3
0	09:22:44.661	ZigZag_DowT USDJPY,H1: initialized
0	09:22:44.661	Bands USDJPY,H1: initialized
0	09:22:44.662	RSI USDJPY,H1: initialized
0	09:22:57.111	ZigZag_DowT USDJPY,H1: uninit reason 3
0	09:22:57.111	Bands USDJPY,H1: uninit reason 3
0	09:22:57.111	RSI USDJPY,H1: uninit reason 3
0	09:22:57.112	ZigZag_DowT USDJPY,M1: initialized
0	09:22:57.113	Bands USDJPY,M1: initialized
0	09:22:57.114	RSI USDJPY,M1: initialized
0	09:23:33.712	ZigZag_DowT USDJPY,M1: uninit reason 3
0	09:23:33.714	Bands USDJPY,M1: uninit reason 3
0	09:23:33.714	RSI USDJPY,M1: uninit reason 3
0	09:23:33.714	ZigZag_DowT USDJPY,M5: initialized
0	09:23:33.715	Bands USDJPY,M5: initialized
0	09:23:33.715	RSI USDJPY,M5: initialized
0	09:23:56.112	ZigZag_DowT USDJPY,M5: uninit reason 3
0	09:23:56.112	Bands USDJPY,M5: uninit reason 3
0	09:23:56.112	RSI USDJPY,M5: uninit reason 3
0	09:23:56.113	ZigZag_DowT USDJPY,M15: initialized
0	09:23:56.113	Bands USDJPY,M15: initialized
0	09:23:56.114	RSI USDJPY,M15: initialized
0	09:23:58.032	ZigZag_DowT USDJPY,M15: uninit reason 3
0	09:23:58.032	Bands USDJPY,M15: uninit reason 3
0	09:23:58.032	RSI USDJPY,M15: uninit reason 3
0	09:23:58.034	ZigZag_DowT USDJPY,M1: initialized
0	09:23:58.035	Bands USDJPY,M1: initialized
0	09:23:58.035	RSI USDJPY,M1: initialized
0	09:24:01.162	ZigZag_DowT USDJPY,M1: uninit reason 3
0	09:24:01.165	Bands USDJPY,M1: uninit reason 3
0	09:24:01.165	RSI USDJPY,M1: uninit reason 3
0	09:24:01.165	ZigZag_DowT USDJPY,H1: initialized
0	09:24:01.166	Bands USDJPY,H1: initialized
0	09:24:01.167	RSI USDJPY,H1: initialized
0	09:24:11.683	ZigZag_DowT USDJPY,H1: uninit reason 3
0	09:24:11.683	Bands USDJPY,H1: uninit reason 3
0	09:24:11.683	RSI USDJPY,H1: uninit reason 3
0	09:24:11.683	ZigZag_DowT USDJPY,H4: initialized
0	09:24:11.684	Bands USDJPY,H4: initialized
0	09:24:11.684	RSI USDJPY,H4: initialized
0	09:24:13.542	ZigZag_DowT USDJPY,H4: uninit reason 3
0	09:24:13.543	Bands USDJPY,H4: uninit reason 3
0	09:24:13.543	RSI USDJPY,H4: uninit reason 3
0	09:24:13.543	ZigZag_DowT USDJPY,M30: initialized
0	09:24:13.544	Bands USDJPY,M30: initialized
0	09:24:13.544	RSI USDJPY,M30: initialized
0	09:24:14.793	ZigZag_DowT USDJPY,M30: uninit reason 3
0	09:24:14.793	Bands USDJPY,M30: uninit reason 3
0	09:24:14.793	RSI USDJPY,M30: uninit reason 3
0	09:24:14.795	ZigZag_DowT USDJPY,M1: initialized
0	09:24:14.795	Bands USDJPY,M1: initialized
0	09:24:14.796	RSI USDJPY,M1: initialized
0	09:24:28.603	ZigZag_DowT USDJPY,M1: uninit reason 3
0	09:24:28.606	Bands USDJPY,M1: uninit reason 3
0	09:24:28.606	RSI USDJPY,M1: uninit reason 3
0	09:24:28.606	ZigZag_DowT USDJPY,M5: initialized
0	09:24:28.607	Bands USDJPY,M5: initialized
0	09:24:28.607	RSI USDJPY,M5: initialized
0	09:26:31.887	ZigZag_DowT USDJPY,M5: uninit reason 3
0	09:26:31.887	Bands USDJPY,M5: uninit reason 3
0	09:26:31.887	RSI USDJPY,M5: uninit reason 3
0	09:26:31.887	ZigZag_DowT USDJPY,H1: initialized
0	09:26:31.888	Bands USDJPY,H1: initialized
0	09:26:31.888	RSI USDJPY,H1: initialized
0	09:26:43.807	ZigZag_DowT USDJPY,H1: uninit reason 3
0	09:26:43.807	Bands USDJPY,H1: uninit reason 3
0	09:26:43.807	RSI USDJPY,H1: uninit reason 3
0	09:26:43.809	ZigZag_DowT USDJPY,M1: initialized
0	09:26:43.810	Bands USDJPY,M1: initialized
0	09:26:43.810	RSI USDJPY,M1: initialized
0	09:26:46.247	ZigZag_DowT USDJPY,M1: uninit reason 3
0	09:26:46.250	Bands USDJPY,M1: uninit reason 3
0	09:26:46.250	RSI USDJPY,M1: uninit reason 3
0	09:26:46.250	ZigZag_DowT USDJPY,M5: initialized
0	09:26:46.251	Bands USDJPY,M5: initialized
0	09:26:46.251	RSI USDJPY,M5: initialized
0	09:26:49.337	ZigZag_DowT USDJPY,M5: uninit reason 3
0	09:26:49.338	Bands USDJPY,M5: uninit reason 3
0	09:26:49.338	RSI USDJPY,M5: uninit reason 3
0	09:26:49.338	ZigZag_DowT USDJPY,M15: initialized
0	09:26:49.339	Bands USDJPY,M15: initialized
0	09:26:49.339	RSI USDJPY,M15: initialized
0	09:26:50.577	ZigZag_DowT USDJPY,M15: uninit reason 3
0	09:26:50.577	Bands USDJPY,M15: uninit reason 3
0	09:26:50.577	RSI USDJPY,M15: uninit reason 3
0	09:26:50.577	ZigZag_DowT USDJPY,M5: initialized
0	09:26:50.578	Bands USDJPY,M5: initialized
0	09:26:50.579	RSI USDJPY,M5: initialized
0	09:26:52.377	ZigZag_DowT USDJPY,M5: uninit reason 3
0	09:26:52.377	Bands USDJPY,M5: uninit reason 3
0	09:26:52.377	RSI USDJPY,M5: uninit reason 3
0	09:26:52.378	ZigZag_DowT USDJPY,M1: initialized
0	09:26:52.378	Bands USDJPY,M1: initialized
0	09:26:52.379	RSI USDJPY,M1: initialized
0	09:27:27.908	ZigZag_DowT USDJPY,M1: uninit reason 3
0	09:27:27.911	Bands USDJPY,M1: uninit reason 3
0	09:27:27.911	RSI USDJPY,M1: uninit reason 3
0	09:27:27.911	ZigZag_DowT USDJPY,M5: initialized
0	09:27:27.912	Bands USDJPY,M5: initialized
0	09:27:27.912	RSI USDJPY,M5: initialized
0	09:27:34.788	ZigZag_DowT USDJPY,M5: uninit reason 3
0	09:27:34.789	Bands USDJPY,M5: uninit reason 3
0	09:27:34.789	RSI USDJPY,M5: uninit reason 3
0	09:27:34.789	ZigZag_DowT USDJPY,M1: initialized
0	09:27:34.790	Bands USDJPY,M1: initialized
0	09:27:34.791	RSI USDJPY,M1: initialized
0	09:28:42.111	ZigZag_DowT USDJPY,M1: uninit reason 3
0	09:28:42.114	Bands USDJPY,M1: uninit reason 3
0	09:28:42.114	RSI USDJPY,M1: uninit reason 3
0	09:28:42.114	ZigZag_DowT USDJPY,H1: initialized
0	09:28:42.114	Bands USDJPY,H1: initialized
0	09:28:42.115	RSI USDJPY,H1: initialized
0	09:28:55.241	ZigZag_DowT USDJPY,H1: uninit reason 3
0	09:28:55.241	Bands USDJPY,H1: uninit reason 3
0	09:28:55.241	RSI USDJPY,H1: uninit reason 3
0	09:28:55.241	ZigZag_DowT USDJPY,M15: initialized
0	09:28:55.242	Bands USDJPY,M15: initialized
0	09:28:55.242	RSI USDJPY,M15: initialized
0	09:28:58.991	ZigZag_DowT USDJPY,M15: uninit reason 3
0	09:28:58.991	Bands USDJPY,M15: uninit reason 3
0	09:28:58.991	RSI USDJPY,M15: uninit reason 3
0	09:28:58.991	ZigZag_DowT USDJPY,M5: initialized
0	09:28:58.992	Bands USDJPY,M5: initialized
0	09:28:58.992	RSI USDJPY,M5: initialized
0	09:29:01.701	ZigZag_DowT USDJPY,M5: uninit reason 3
0	09:29:01.701	Bands USDJPY,M5: uninit reason 3
0	09:29:01.701	RSI USDJPY,M5: uninit reason 3
0	09:29:01.703	ZigZag_DowT USDJPY,M1: initialized
0	09:29:01.703	Bands USDJPY,M1: initialized
0	09:29:01.704	RSI USDJPY,M1: initialized
0	09:33:10.448	ZigZag_DowT USDJPY,M1: uninit reason 3
0	09:33:10.451	Bands USDJPY,M1: uninit reason 3
0	09:33:10.451	RSI USDJPY,M1: uninit reason 3
0	09:33:10.451	ZigZag_DowT USDJPY,M5: initialized
0	09:33:10.452	Bands USDJPY,M5: initialized
0	09:33:10.453	RSI USDJPY,M5: initialized
0	09:33:14.679	ZigZag_DowT USDJPY,M5: uninit reason 3
0	09:33:14.679	Bands USDJPY,M5: uninit reason 3
0	09:33:14.679	RSI USDJPY,M5: uninit reason 3
0	09:33:14.680	ZigZag_DowT USDJPY,M1: initialized
0	09:33:14.680	Bands USDJPY,M1: initialized
0	09:33:14.680	RSI USDJPY,M1: initialized
0	09:33:34.399	ZigZag_DowT USDJPY,M1: uninit reason 3
0	09:33:34.402	Bands USDJPY,M1: uninit reason 3
0	09:33:34.402	RSI USDJPY,M1: uninit reason 3
0	09:33:34.402	ZigZag_DowT USDJPY,M5: initialized
0	09:33:34.403	Bands USDJPY,M5: initialized
0	09:33:34.403	RSI USDJPY,M5: initialized
0	09:34:03.569	ZigZag_DowT USDJPY,M5: uninit reason 3
0	09:34:03.570	Bands USDJPY,M5: uninit reason 3
0	09:34:03.570	RSI USDJPY,M5: uninit reason 3
0	09:34:03.571	ZigZag_DowT USDJPY,M1: initialized
0	09:34:03.571	Bands USDJPY,M1: initialized
0	09:34:03.572	RSI USDJPY,M1: initialized
0	09:35:27.379	Custom indicator ZigZag_S-TYPE USDJPY,M1: loaded successfully
0	09:36:07.668	ZigZag_S-TYPE USDJPY,M1: initialized
0	09:36:25.662	ZigZag_DowT USDJPY,M1: uninit reason 1
0	09:36:25.670	Custom indicator ZigZag_DowT USDJPY,M1: removed
0	09:38:41.137	Bands USDJPY,M1: uninit reason 3
0	09:38:41.137	ZigZag_S-TYPE USDJPY,M1: uninit reason 3
0	09:38:41.147	RSI USDJPY,M1: uninit reason 3
0	09:38:41.147	Bands USDJPY,M5: initialized
0	09:38:41.147	ZigZag_S-TYPE USDJPY,M5: initialized
0	09:38:41.147	RSI USDJPY,M5: initialized
0	09:38:49.827	Bands USDJPY,M5: uninit reason 3
0	09:38:49.827	ZigZag_S-TYPE USDJPY,M5: uninit reason 3
0	09:38:49.828	RSI USDJPY,M5: uninit reason 3
0	09:38:49.828	Bands USDJPY,M1: initialized
0	09:38:49.829	ZigZag_S-TYPE USDJPY,M1: initialized
0	09:38:49.829	RSI USDJPY,M1: initialized
0	09:40:27.460	Bands USDJPY,M1: uninit reason 3
0	09:40:27.460	ZigZag_S-TYPE USDJPY,M1: uninit reason 3
0	09:40:27.469	RSI USDJPY,M1: uninit reason 3
0	09:40:27.469	Bands USDJPY,M5: initialized
0	09:40:27.469	ZigZag_S-TYPE USDJPY,M5: initialized
0	09:40:27.470	RSI USDJPY,M5: initialized
0	09:40:45.371	Bands USDJPY,M5: uninit reason 3
0	09:40:45.371	ZigZag_S-TYPE USDJPY,M5: uninit reason 3
0	09:40:45.372	RSI USDJPY,M5: uninit reason 3
0	09:40:45.373	Bands USDJPY,M1: initialized
0	09:40:45.373	ZigZag_S-TYPE USDJPY,M1: initialized
0	09:40:45.373	RSI USDJPY,M1: initialized
0	09:44:24.207	Bands USDJPY,M1: uninit reason 3
0	09:44:24.207	ZigZag_S-TYPE USDJPY,M1: uninit reason 3
0	09:44:24.216	RSI USDJPY,M1: uninit reason 3
0	09:44:24.216	Bands USDJPY,M5: initialized
0	09:44:24.217	ZigZag_S-TYPE USDJPY,M5: initialized
0	09:44:24.217	RSI USDJPY,M5: initialized
0	09:44:26.627	Bands USDJPY,M5: uninit reason 3
0	09:44:26.627	ZigZag_S-TYPE USDJPY,M5: uninit reason 3
0	09:44:26.627	RSI USDJPY,M5: uninit reason 3
0	09:44:26.627	Bands USDJPY,M1: initialized
0	09:44:26.628	ZigZag_S-TYPE USDJPY,M1: initialized
0	09:44:26.628	RSI USDJPY,M1: initialized
0	09:44:34.127	Bands USDJPY,M1: uninit reason 3
0	09:44:34.127	ZigZag_S-TYPE USDJPY,M1: uninit reason 3
0	09:44:34.136	RSI USDJPY,M1: uninit reason 3
0	09:44:34.136	Bands USDJPY,M5: initialized
0	09:44:34.136	ZigZag_S-TYPE USDJPY,M5: initialized
0	09:44:34.136	RSI USDJPY,M5: initialized
0	09:44:41.197	Bands USDJPY,M5: uninit reason 3
0	09:44:41.197	ZigZag_S-TYPE USDJPY,M5: uninit reason 3
0	09:44:41.197	RSI USDJPY,M5: uninit reason 3
0	09:44:41.197	Bands USDJPY,M1: initialized
0	09:44:41.197	ZigZag_S-TYPE USDJPY,M1: initialized
0	09:44:41.197	RSI USDJPY,M1: initialized
0	09:45:12.238	Bands USDJPY,M1: uninit reason 3
0	09:45:12.239	ZigZag_S-TYPE USDJPY,M1: uninit reason 3
0	09:45:12.247	RSI USDJPY,M1: uninit reason 3
0	09:45:12.247	Bands USDJPY,M5: initialized
0	09:45:12.247	ZigZag_S-TYPE USDJPY,M5: initialized
0	09:45:12.247	RSI USDJPY,M5: initialized
0	09:45:16.158	Bands USDJPY,M5: uninit reason 3
0	09:45:16.158	ZigZag_S-TYPE USDJPY,M5: uninit reason 3
0	09:45:16.158	RSI USDJPY,M5: uninit reason 3
0	09:45:16.160	Bands USDJPY,M1: initialized
0	09:45:16.160	ZigZag_S-TYPE USDJPY,M1: initialized
0	09:45:16.160	RSI USDJPY,M1: initialized
0	09:51:44.399	Bands USDJPY,M1: uninit reason 3
0	09:51:44.399	ZigZag_S-TYPE USDJPY,M1: uninit reason 3
0	09:51:44.408	RSI USDJPY,M1: uninit reason 3
0	09:51:44.408	Bands USDJPY,M5: initialized
0	09:51:44.409	ZigZag_S-TYPE USDJPY,M5: initialized
0	09:51:44.409	RSI USDJPY,M5: initialized
0	09:51:47.749	Bands USDJPY,M5: uninit reason 3
0	09:51:47.749	ZigZag_S-TYPE USDJPY,M5: uninit reason 3
0	09:51:47.750	RSI USDJPY,M5: uninit reason 3
0	09:51:47.750	Bands USDJPY,M1: initialized
0	09:51:47.751	ZigZag_S-TYPE USDJPY,M1: initialized
0	09:51:47.751	RSI USDJPY,M1: initialized
0	09:51:49.259	Bands USDJPY,M1: uninit reason 3
0	09:51:49.259	ZigZag_S-TYPE USDJPY,M1: uninit reason 3
0	09:51:49.268	RSI USDJPY,M1: uninit reason 3
0	09:51:49.268	Bands USDJPY,M5: initialized
0	09:51:49.269	ZigZag_S-TYPE USDJPY,M5: initialized
0	09:51:49.269	RSI USDJPY,M5: initialized
0	09:51:52.370	Bands USDJPY,M5: uninit reason 3
0	09:51:52.370	ZigZag_S-TYPE USDJPY,M5: uninit reason 3
0	09:51:52.371	RSI USDJPY,M5: uninit reason 3
0	09:51:52.371	Bands USDJPY,M1: initialized
0	09:51:52.371	ZigZag_S-TYPE USDJPY,M1: initialized
0	09:51:52.372	RSI USDJPY,M1: initialized
0	09:53:11.922	Bands USDJPY,M1: uninit reason 3
0	09:53:11.922	ZigZag_S-TYPE USDJPY,M1: uninit reason 3
0	09:53:11.931	RSI USDJPY,M1: uninit reason 3
0	09:53:11.931	Bands USDJPY,M5: initialized
0	09:53:11.931	ZigZag_S-TYPE USDJPY,M5: initialized
0	09:53:11.932	RSI USDJPY,M5: initialized
0	09:53:12.922	Bands USDJPY,M5: uninit reason 3
0	09:53:12.922	ZigZag_S-TYPE USDJPY,M5: uninit reason 3
0	09:53:12.922	RSI USDJPY,M5: uninit reason 3
0	09:53:12.922	Bands USDJPY,M1: initialized
0	09:53:12.923	ZigZag_S-TYPE USDJPY,M1: initialized
0	09:53:12.923	RSI USDJPY,M1: initialized
0	09:54:24.773	Bands USDJPY,M1: uninit reason 3
0	09:54:24.773	ZigZag_S-TYPE USDJPY,M1: uninit reason 3
0	09:54:24.782	RSI USDJPY,M1: uninit reason 3
0	09:54:24.783	Bands USDJPY,M5: initialized
0	09:54:24.783	ZigZag_S-TYPE USDJPY,M5: initialized
0	09:54:24.783	RSI USDJPY,M5: initialized
0	09:54:30.653	Bands USDJPY,M5: uninit reason 3
0	09:54:30.653	ZigZag_S-TYPE USDJPY,M5: uninit reason 3
0	09:54:30.654	RSI USDJPY,M5: uninit reason 3
0	09:54:30.654	Bands USDJPY,M1: initialized
0	09:54:30.655	ZigZag_S-TYPE USDJPY,M1: initialized
0	09:54:30.655	RSI USDJPY,M1: initialized
0	09:55:05.915	Bands USDJPY,M1: uninit reason 3
0	09:55:05.915	ZigZag_S-TYPE USDJPY,M1: uninit reason 3
0	09:55:05.923	RSI USDJPY,M1: uninit reason 3
0	09:55:05.923	Bands USDJPY,M5: initialized
0	09:55:05.924	ZigZag_S-TYPE USDJPY,M5: initialized
0	09:55:05.924	RSI USDJPY,M5: initialized
0	09:55:25.666	Bands USDJPY,M5: uninit reason 3
0	09:55:25.666	ZigZag_S-TYPE USDJPY,M5: uninit reason 3
0	09:55:25.666	RSI USDJPY,M5: uninit reason 3
0	09:55:25.668	Bands USDJPY,M1: initialized
0	09:55:25.668	ZigZag_S-TYPE USDJPY,M1: initialized
0	09:55:25.668	RSI USDJPY,M1: initialized
0	09:55:46.677	Bands USDJPY,M1: uninit reason 3
0	09:55:46.677	ZigZag_S-TYPE USDJPY,M1: uninit reason 3
0	09:55:46.685	RSI USDJPY,M1: uninit reason 3
0	09:55:46.685	Bands USDJPY,M5: initialized
0	09:55:46.685	ZigZag_S-TYPE USDJPY,M5: initialized
0	09:55:46.685	RSI USDJPY,M5: initialized
0	09:56:50.748	Bands USDJPY,M5: uninit reason 3
0	09:56:50.748	ZigZag_S-TYPE USDJPY,M5: uninit reason 3
0	09:56:50.748	RSI USDJPY,M5: uninit reason 3
0	09:56:50.749	Bands USDJPY,M1: initialized
0	09:56:50.751	ZigZag_S-TYPE USDJPY,M1: initialized
0	09:56:50.751	RSI USDJPY,M1: initialized
0	09:57:19.619	Bands USDJPY,M1: uninit reason 3
0	09:57:19.619	ZigZag_S-TYPE USDJPY,M1: uninit reason 3
0	09:57:19.627	RSI USDJPY,M1: uninit reason 3
0	09:57:19.627	Bands USDJPY,M5: initialized
0	09:57:19.628	ZigZag_S-TYPE USDJPY,M5: initialized
0	09:57:19.628	RSI USDJPY,M5: initialized
0	09:57:56.809	Bands USDJPY,M5: uninit reason 3
0	09:57:56.809	ZigZag_S-TYPE USDJPY,M5: uninit reason 3
0	09:57:56.810	RSI USDJPY,M5: uninit reason 3
0	09:57:56.810	Bands USDJPY,H1: initialized
0	09:57:56.811	ZigZag_S-TYPE USDJPY,H1: initialized
0	09:57:56.811	RSI USDJPY,H1: initialized
0	09:58:02.210	Bands USDJPY,H1: uninit reason 3
0	09:58:02.210	ZigZag_S-TYPE USDJPY,H1: uninit reason 3
0	09:58:02.210	RSI USDJPY,H1: uninit reason 3
0	09:58:02.210	Bands USDJPY,H4: initialized
0	09:58:02.211	ZigZag_S-TYPE USDJPY,H4: initialized
0	09:58:02.211	RSI USDJPY,H4: initialized
0	09:58:23.861	Bands USDJPY,H4: uninit reason 3
0	09:58:23.861	ZigZag_S-TYPE USDJPY,H4: uninit reason 3
0	09:58:23.862	RSI USDJPY,H4: uninit reason 3
0	09:58:23.863	Bands USDJPY,M1: initialized
0	09:58:23.863	ZigZag_S-TYPE USDJPY,M1: initialized
0	09:58:23.863	RSI USDJPY,M1: initialized
0	09:58:55.822	Bands USDJPY,M1: uninit reason 3
0	09:58:55.822	ZigZag_S-TYPE USDJPY,M1: uninit reason 3
0	09:58:55.831	RSI USDJPY,M1: uninit reason 3
0	09:58:55.831	Bands USDJPY,H1: initialized
0	09:58:55.832	ZigZag_S-TYPE USDJPY,H1: initialized
0	09:58:55.832	RSI USDJPY,H1: initialized
0	09:58:58.261	Bands USDJPY,H1: uninit reason 3
0	09:58:58.261	ZigZag_S-TYPE USDJPY,H1: uninit reason 3
0	09:58:58.261	RSI USDJPY,H1: uninit reason 3
0	09:58:58.262	Bands USDJPY,M1: initialized
0	09:58:58.262	ZigZag_S-TYPE USDJPY,M1: initialized
0	09:58:58.262	RSI USDJPY,M1: initialized
0	10:00:27.185	Bands USDJPY,M1: uninit reason 3
0	10:00:27.185	ZigZag_S-TYPE USDJPY,M1: uninit reason 3
0	10:00:27.195	RSI USDJPY,M1: uninit reason 3
0	10:00:27.195	Bands USDJPY,M5: initialized
0	10:00:27.195	ZigZag_S-TYPE USDJPY,M5: initialized
0	10:00:27.195	RSI USDJPY,M5: initialized
0	10:03:03.269	Bands USDJPY,M5: uninit reason 3
0	10:03:03.269	ZigZag_S-TYPE USDJPY,M5: uninit reason 3
0	10:03:03.269	RSI USDJPY,M5: uninit reason 3
0	10:03:03.271	Bands USDJPY,M1: initialized
0	10:03:03.271	ZigZag_S-TYPE USDJPY,M1: initialized
0	10:03:03.271	RSI USDJPY,M1: initialized
0	10:05:36.813	Bands USDJPY,M1: uninit reason 3
0	10:05:36.813	ZigZag_S-TYPE USDJPY,M1: uninit reason 3
0	10:05:36.828	RSI USDJPY,M1: uninit reason 3
0	10:05:36.828	Bands USDJPY,M5: initialized
0	10:05:36.828	ZigZag_S-TYPE USDJPY,M5: initialized
0	10:05:36.829	RSI USDJPY,M5: initialized
0	10:06:17.824	Bands USDJPY,M5: uninit reason 3
0	10:06:17.824	ZigZag_S-TYPE USDJPY,M5: uninit reason 3
0	10:06:17.824	RSI USDJPY,M5: uninit reason 3
0	10:06:17.826	Bands USDJPY,M1: initialized
0	10:06:17.827	ZigZag_S-TYPE USDJPY,M1: initialized
0	10:06:17.827	RSI USDJPY,M1: initialized
0	10:09:31.719	Bands USDJPY,M1: uninit reason 3
0	10:09:31.719	ZigZag_S-TYPE USDJPY,M1: uninit reason 3
0	10:09:31.728	RSI USDJPY,M1: uninit reason 3
0	10:09:31.728	Bands USDJPY,M5: initialized
0	10:09:31.729	ZigZag_S-TYPE USDJPY,M5: initialized
0	10:09:31.729	RSI USDJPY,M5: initialized
0	10:09:48.300	Bands USDJPY,M5: uninit reason 3
0	10:09:48.300	ZigZag_S-TYPE USDJPY,M5: uninit reason 3
0	10:09:48.301	RSI USDJPY,M5: uninit reason 3
0	10:09:48.303	Bands USDJPY,M1: initialized
0	10:09:48.303	ZigZag_S-TYPE USDJPY,M1: initialized
0	10:09:48.303	RSI USDJPY,M1: initialized
0	10:10:55.671	Bands USDJPY,M1: uninit reason 3
0	10:10:55.672	ZigZag_S-TYPE USDJPY,M1: uninit reason 3
0	10:10:55.680	RSI USDJPY,M1: uninit reason 3
0	10:10:55.681	Bands USDJPY,M5: initialized
0	10:10:55.681	ZigZag_S-TYPE USDJPY,M5: initialized
0	10:10:55.681	RSI USDJPY,M5: initialized
0	10:12:19.244	Bands USDJPY,M5: uninit reason 3
0	10:12:19.244	ZigZag_S-TYPE USDJPY,M5: uninit reason 3
0	10:12:19.244	RSI USDJPY,M5: uninit reason 3
0	10:12:19.246	Bands USDJPY,M1: initialized
0	10:12:19.247	ZigZag_S-TYPE USDJPY,M1: initialized
0	10:12:19.247	RSI USDJPY,M1: initialized
0	10:16:58.592	Bands USDJPY,M1: uninit reason 3
0	10:16:58.592	ZigZag_S-TYPE USDJPY,M1: uninit reason 3
0	10:16:58.600	RSI USDJPY,M1: uninit reason 3
0	10:16:58.600	Bands USDJPY,M5: initialized
0	10:16:58.601	ZigZag_S-TYPE USDJPY,M5: initialized
0	10:16:58.601	RSI USDJPY,M5: initialized
0	10:17:06.702	Bands USDJPY,M5: uninit reason 3
0	10:17:06.702	ZigZag_S-TYPE USDJPY,M5: uninit reason 3
0	10:17:06.703	RSI USDJPY,M5: uninit reason 3
0	10:17:06.704	Bands USDJPY,M1: initialized
0	10:17:06.704	ZigZag_S-TYPE USDJPY,M1: initialized
0	10:17:06.704	RSI USDJPY,M1: initialized
0	10:19:33.337	Bands USDJPY,M1: uninit reason 3
0	10:19:33.337	ZigZag_S-TYPE USDJPY,M1: uninit reason 3
0	10:19:33.346	RSI USDJPY,M1: uninit reason 3
0	10:19:33.346	Bands USDJPY,H1: initialized
0	10:19:33.347	ZigZag_S-TYPE USDJPY,H1: initialized
0	10:19:33.347	RSI USDJPY,H1: initialized
0	10:19:58.018	Bands USDJPY,H1: uninit reason 3
0	10:19:58.018	ZigZag_S-TYPE USDJPY,H1: uninit reason 3
0	10:19:58.018	RSI USDJPY,H1: uninit reason 3
0	10:19:58.018	Bands USDJPY,H4: initialized
0	10:19:58.018	ZigZag_S-TYPE USDJPY,H4: initialized
0	10:19:58.018	RSI USDJPY,H4: initialized
0	10:20:00.577	Bands USDJPY,H4: uninit reason 3
0	10:20:00.577	ZigZag_S-TYPE USDJPY,H4: uninit reason 3
0	10:20:00.578	RSI USDJPY,H4: uninit reason 3
0	10:20:00.578	Bands USDJPY,H1: initialized
0	10:20:00.579	ZigZag_S-TYPE USDJPY,H1: initialized
0	10:20:00.579	RSI USDJPY,H1: initialized
0	10:20:01.928	Bands USDJPY,H1: uninit reason 3
0	10:20:01.928	ZigZag_S-TYPE USDJPY,H1: uninit reason 3
0	10:20:01.928	RSI USDJPY,H1: uninit reason 3
0	10:20:01.928	Bands USDJPY,M30: initialized
0	10:20:01.929	ZigZag_S-TYPE USDJPY,M30: initialized
0	10:20:01.929	RSI USDJPY,M30: initialized
0	10:20:04.196	Bands USDJPY,M30: uninit reason 3
0	10:20:04.196	ZigZag_S-TYPE USDJPY,M30: uninit reason 3
0	10:20:04.196	RSI USDJPY,M30: uninit reason 3
0	10:20:04.196	Bands USDJPY,M15: initialized
0	10:20:04.197	ZigZag_S-TYPE USDJPY,M15: initialized
0	10:20:04.197	RSI USDJPY,M15: initialized
0	10:20:05.108	Bands USDJPY,M15: uninit reason 3
0	10:20:05.108	ZigZag_S-TYPE USDJPY,M15: uninit reason 3
0	10:20:05.108	RSI USDJPY,M15: uninit reason 3
0	10:20:05.108	Bands USDJPY,M5: initialized
0	10:20:05.108	ZigZag_S-TYPE USDJPY,M5: initialized
0	10:20:05.108	RSI USDJPY,M5: initialized
0	10:20:06.128	Bands USDJPY,M5: uninit reason 3
0	10:20:06.128	ZigZag_S-TYPE USDJPY,M5: uninit reason 3
0	10:20:06.128	RSI USDJPY,M5: uninit reason 3
0	10:20:06.129	Bands USDJPY,M1: initialized
0	10:20:06.130	ZigZag_S-TYPE USDJPY,M1: initialized
0	10:20:06.130	RSI USDJPY,M1: initialized
0	10:30:03.094	Bands USDJPY,M1: uninit reason 3
0	10:30:03.094	ZigZag_S-TYPE USDJPY,M1: uninit reason 3
0	10:30:03.103	RSI USDJPY,M1: uninit reason 3
0	10:30:03.103	Bands USDJPY,M5: initialized
0	10:30:03.104	ZigZag_S-TYPE USDJPY,M5: initialized
0	10:30:03.104	RSI USDJPY,M5: initialized
0	10:30:05.645	Bands USDJPY,M5: uninit reason 3
0	10:30:05.645	ZigZag_S-TYPE USDJPY,M5: uninit reason 3
0	10:30:05.645	RSI USDJPY,M5: uninit reason 3
0	10:30:05.646	Bands USDJPY,M1: initialized
0	10:30:05.646	ZigZag_S-TYPE USDJPY,M1: initialized
0	10:30:05.646	RSI USDJPY,M1: initialized
0	10:33:45.671	Bands USDJPY,M1: uninit reason 3
0	10:33:45.671	ZigZag_S-TYPE USDJPY,M1: uninit reason 3
0	10:33:45.679	RSI USDJPY,M1: uninit reason 3
0	10:33:45.679	Bands USDJPY,M5: initialized
0	10:33:45.679	ZigZag_S-TYPE USDJPY,M5: initialized
0	10:33:45.680	RSI USDJPY,M5: initialized
0	10:33:58.071	Bands USDJPY,M5: uninit reason 3
0	10:33:58.071	ZigZag_S-TYPE USDJPY,M5: uninit reason 3
0	10:33:58.071	RSI USDJPY,M5: uninit reason 3
0	10:33:58.073	Bands USDJPY,M1: initialized
0	10:33:58.073	ZigZag_S-TYPE USDJPY,M1: initialized
0	10:33:58.074	RSI USDJPY,M1: initialized
0	10:36:01.316	Bands USDJPY,M1: uninit reason 3
0	10:36:01.316	ZigZag_S-TYPE USDJPY,M1: uninit reason 3
0	10:36:01.325	RSI USDJPY,M1: uninit reason 3
0	10:36:01.325	Bands USDJPY,M5: initialized
0	10:36:01.325	ZigZag_S-TYPE USDJPY,M5: initialized
0	10:36:01.326	RSI USDJPY,M5: initialized
0	10:36:31.437	Bands USDJPY,M5: uninit reason 3
0	10:36:31.437	ZigZag_S-TYPE USDJPY,M5: uninit reason 3
0	10:36:31.438	RSI USDJPY,M5: uninit reason 3
0	10:36:31.439	Bands USDJPY,M1: initialized
0	10:36:31.440	ZigZag_S-TYPE USDJPY,M1: initialized
0	10:36:31.440	RSI USDJPY,M1: initialized
0	10:41:43.525	Bands USDJPY,M1: uninit reason 3
0	10:41:43.525	ZigZag_S-TYPE USDJPY,M1: uninit reason 3
0	10:41:43.532	RSI USDJPY,M1: uninit reason 3
0	10:41:43.532	Bands USDJPY,M5: initialized
0	10:41:43.533	ZigZag_S-TYPE USDJPY,M5: initialized
0	10:41:43.533	RSI USDJPY,M5: initialized
0	10:41:46.494	Bands USDJPY,M5: uninit reason 3
0	10:41:46.494	ZigZag_S-TYPE USDJPY,M5: uninit reason 3
0	10:41:46.494	RSI USDJPY,M5: uninit reason 3
0	10:41:46.495	Bands USDJPY,M1: initialized
0	10:41:46.495	ZigZag_S-TYPE USDJPY,M1: initialized
0	10:41:46.495	RSI USDJPY,M1: initialized
0	10:41:54.064	Bands USDJPY,M1: uninit reason 3
0	10:41:54.064	ZigZag_S-TYPE USDJPY,M1: uninit reason 3
0	10:41:54.072	RSI USDJPY,M1: uninit reason 3
0	10:41:54.072	Bands USDJPY,M5: initialized
0	10:41:54.072	ZigZag_S-TYPE USDJPY,M5: initialized
0	10:41:54.073	RSI USDJPY,M5: initialized
0	10:41:58.364	Bands USDJPY,M5: uninit reason 3
0	10:41:58.364	ZigZag_S-TYPE USDJPY,M5: uninit reason 3
0	10:41:58.365	RSI USDJPY,M5: uninit reason 3
0	10:41:58.365	Bands USDJPY,M1: initialized
0	10:41:58.365	ZigZag_S-TYPE USDJPY,M1: initialized
0	10:41:58.366	RSI USDJPY,M1: initialized
0	10:44:52.500	Bands USDJPY,M1: uninit reason 3
0	10:44:52.500	ZigZag_S-TYPE USDJPY,M1: uninit reason 3
0	10:44:52.508	RSI USDJPY,M1: uninit reason 3
0	10:44:52.508	Bands USDJPY,H1: initialized
0	10:44:52.509	ZigZag_S-TYPE USDJPY,H1: initialized
0	10:44:52.509	RSI USDJPY,H1: initialized
0	10:45:04.209	Bands USDJPY,H1: uninit reason 3
0	10:45:04.209	ZigZag_S-TYPE USDJPY,H1: uninit reason 3
0	10:45:04.209	RSI USDJPY,H1: uninit reason 3
0	10:45:04.210	Bands USDJPY,H4: initialized
0	10:45:04.210	ZigZag_S-TYPE USDJPY,H4: initialized
0	10:45:04.210	RSI USDJPY,H4: initialized
0	10:45:17.000	Bands USDJPY,H4: uninit reason 3
0	10:45:17.000	ZigZag_S-TYPE USDJPY,H4: uninit reason 3
0	10:45:17.001	RSI USDJPY,H4: uninit reason 3
0	10:45:17.001	Bands USDJPY,H1: initialized
0	10:45:17.002	ZigZag_S-TYPE USDJPY,H1: initialized
0	10:45:17.002	RSI USDJPY,H1: initialized
0	10:45:21.380	Bands USDJPY,H1: uninit reason 3
0	10:45:21.380	ZigZag_S-TYPE USDJPY,H1: uninit reason 3
0	10:45:21.381	RSI USDJPY,H1: uninit reason 3
0	10:45:21.381	Bands USDJPY,M30: initialized
0	10:45:21.381	ZigZag_S-TYPE USDJPY,M30: initialized
0	10:45:21.381	RSI USDJPY,M30: initialized
0	10:45:23.100	Bands USDJPY,M30: uninit reason 3
0	10:45:23.100	ZigZag_S-TYPE USDJPY,M30: uninit reason 3
0	10:45:23.100	RSI USDJPY,M30: uninit reason 3
0	10:45:23.102	Bands USDJPY,M1: initialized
0	10:45:23.102	ZigZag_S-TYPE USDJPY,M1: initialized
0	10:45:23.102	RSI USDJPY,M1: initialized
0	10:45:29.130	Bands USDJPY,M1: uninit reason 3
0	10:45:29.130	ZigZag_S-TYPE USDJPY,M1: uninit reason 3
0	10:45:29.139	RSI USDJPY,M1: uninit reason 3
0	10:45:29.139	Bands USDJPY,M5: initialized
0	10:45:29.140	ZigZag_S-TYPE USDJPY,M5: initialized
0	10:45:29.140	RSI USDJPY,M5: initialized
0	10:45:30.041	Bands USDJPY,M5: uninit reason 3
0	10:45:30.041	ZigZag_S-TYPE USDJPY,M5: uninit reason 3
0	10:45:30.041	RSI USDJPY,M5: uninit reason 3
0	10:45:30.041	Bands USDJPY,M1: initialized
0	10:45:30.042	ZigZag_S-TYPE USDJPY,M1: initialized
0	10:45:30.042	RSI USDJPY,M1: initialized
0	10:49:30.287	Bands USDJPY,M1: uninit reason 3
0	10:49:30.287	ZigZag_S-TYPE USDJPY,M1: uninit reason 3
0	10:49:30.296	RSI USDJPY,M1: uninit reason 3
0	10:49:30.296	Bands USDJPY,M5: initialized
0	10:49:30.297	ZigZag_S-TYPE USDJPY,M5: initialized
0	10:49:30.297	RSI USDJPY,M5: initialized
0	10:49:37.687	Bands USDJPY,M5: uninit reason 3
0	10:49:37.687	ZigZag_S-TYPE USDJPY,M5: uninit reason 3
0	10:49:37.688	RSI USDJPY,M5: uninit reason 3
0	10:49:37.688	Bands USDJPY,M15: initialized
0	10:49:37.688	ZigZag_S-TYPE USDJPY,M15: initialized
0	10:49:37.689	RSI USDJPY,M15: initialized
0	10:49:46.058	Bands USDJPY,M15: uninit reason 3
0	10:49:46.058	ZigZag_S-TYPE USDJPY,M15: uninit reason 3
0	10:49:46.059	RSI USDJPY,M15: uninit reason 3
0	10:49:46.060	Bands USDJPY,M1: initialized
0	10:49:46.061	ZigZag_S-TYPE USDJPY,M1: initialized
0	10:49:46.061	RSI USDJPY,M1: initialized
0	10:59:02.034	Bands USDJPY,M1: uninit reason 3
0	10:59:02.034	ZigZag_S-TYPE USDJPY,M1: uninit reason 3
0	10:59:02.043	RSI USDJPY,M1: uninit reason 3
0	10:59:02.043	Bands USDJPY,M5: initialized
0	10:59:02.044	ZigZag_S-TYPE USDJPY,M5: initialized
0	10:59:02.044	RSI USDJPY,M5: initialized
0	10:59:07.774	Bands USDJPY,M5: uninit reason 3
0	10:59:07.774	ZigZag_S-TYPE USDJPY,M5: uninit reason 3
0	10:59:07.775	RSI USDJPY,M5: uninit reason 3
0	10:59:07.775	Bands USDJPY,M1: initialized
0	10:59:07.775	ZigZag_S-TYPE USDJPY,M1: initialized
0	10:59:07.776	RSI USDJPY,M1: initialized
0	11:01:25.157	Bands USDJPY,M1: uninit reason 3
0	11:01:25.157	ZigZag_S-TYPE USDJPY,M1: uninit reason 3
0	11:01:25.167	RSI USDJPY,M1: uninit reason 3
0	11:01:25.167	Bands USDJPY,M5: initialized
0	11:01:25.167	ZigZag_S-TYPE USDJPY,M5: initialized
0	11:01:25.168	RSI USDJPY,M5: initialized
0	11:01:29.767	Bands USDJPY,M5: uninit reason 3
0	11:01:29.767	ZigZag_S-TYPE USDJPY,M5: uninit reason 3
0	11:01:29.768	RSI USDJPY,M5: uninit reason 3
0	11:01:29.768	Bands USDJPY,M1: initialized
0	11:01:29.769	ZigZag_S-TYPE USDJPY,M1: initialized
0	11:01:29.769	RSI USDJPY,M1: initialized
0	11:06:11.606	Bands USDJPY,M1: uninit reason 3
0	11:06:11.606	ZigZag_S-TYPE USDJPY,M1: uninit reason 3
0	11:06:11.614	RSI USDJPY,M1: uninit reason 3
0	11:06:11.614	Bands USDJPY,M5: initialized
0	11:06:11.615	ZigZag_S-TYPE USDJPY,M5: initialized
0	11:06:11.615	RSI USDJPY,M5: initialized
0	11:06:14.346	Bands USDJPY,M5: uninit reason 3
0	11:06:14.346	ZigZag_S-TYPE USDJPY,M5: uninit reason 3
0	11:06:14.347	RSI USDJPY,M5: uninit reason 3
0	11:06:14.347	Bands USDJPY,M1: initialized
0	11:06:14.347	ZigZag_S-TYPE USDJPY,M1: initialized
0	11:06:14.347	RSI USDJPY,M1: initialized
0	11:12:26.246	Bands USDJPY,M1: uninit reason 3
0	11:12:26.246	ZigZag_S-TYPE USDJPY,M1: uninit reason 3
0	11:12:26.255	RSI USDJPY,M1: uninit reason 3
0	11:12:26.255	Bands USDJPY,M5: initialized
0	11:12:26.256	ZigZag_S-TYPE USDJPY,M5: initialized
0	11:12:26.256	RSI USDJPY,M5: initialized
0	11:12:53.747	Bands USDJPY,M5: uninit reason 3
0	11:12:53.747	ZigZag_S-TYPE USDJPY,M5: uninit reason 3
0	11:12:53.754	RSI USDJPY,M5: uninit reason 3
0	11:12:53.756	Bands USDJPY,H1: initialized
0	11:12:53.756	ZigZag_S-TYPE USDJPY,H1: initialized
0	11:12:53.757	RSI USDJPY,H1: initialized
0	11:13:13.317	Bands USDJPY,H1: uninit reason 3
0	11:13:13.317	ZigZag_S-TYPE USDJPY,H1: uninit reason 3
0	11:13:13.323	RSI USDJPY,H1: uninit reason 3
0	11:13:13.324	Bands USDJPY,Daily: initialized
0	11:13:13.324	ZigZag_S-TYPE USDJPY,Daily: initialized
0	11:13:13.324	RSI USDJPY,Daily: initialized
0	11:13:36.278	Bands USDJPY,Daily: uninit reason 3
0	11:13:36.278	ZigZag_S-TYPE USDJPY,Daily: uninit reason 3
0	11:13:36.280	RSI USDJPY,Daily: uninit reason 3
0	11:13:36.284	Bands USDJPY,Weekly: initialized
0	11:13:36.285	ZigZag_S-TYPE USDJPY,Weekly: initialized
0	11:13:36.285	RSI USDJPY,Weekly: initialized
0	11:13:37.708	Bands USDJPY,Weekly: uninit reason 3
0	11:13:37.708	ZigZag_S-TYPE USDJPY,Weekly: uninit reason 3
0	11:13:37.708	RSI USDJPY,Weekly: uninit reason 3
0	11:13:37.712	Bands USDJPY,Monthly: initialized
0	11:13:37.712	ZigZag_S-TYPE USDJPY,Monthly: initialized
0	11:13:37.712	RSI USDJPY,Monthly: initialized
0	11:13:43.188	Bands USDJPY,Monthly: uninit reason 3
0	11:13:43.188	ZigZag_S-TYPE USDJPY,Monthly: uninit reason 3
0	11:13:43.188	RSI USDJPY,Monthly: uninit reason 3
0	11:13:43.188	Bands USDJPY,Weekly: initialized
0	11:13:43.189	ZigZag_S-TYPE USDJPY,Weekly: initialized
0	11:13:43.189	RSI USDJPY,Weekly: initialized
0	11:14:04.089	Bands USDJPY,Weekly: uninit reason 3
0	11:14:04.089	ZigZag_S-TYPE USDJPY,Weekly: uninit reason 3
0	11:14:04.089	RSI USDJPY,Weekly: uninit reason 3
0	11:14:04.090	Bands USDJPY,Daily: initialized
0	11:14:04.090	ZigZag_S-TYPE USDJPY,Daily: initialized
0	11:14:04.090	RSI USDJPY,Daily: initialized
0	11:15:38.702	Bands USDJPY,Daily: uninit reason 3
0	11:15:38.702	ZigZag_S-TYPE USDJPY,Daily: uninit reason 3
0	11:15:38.703	RSI USDJPY,Daily: uninit reason 3
0	11:15:38.704	Bands USDJPY,M1: initialized
0	11:15:38.704	ZigZag_S-TYPE USDJPY,M1: initialized
0	11:15:38.704	RSI USDJPY,M1: initialized
0	11:15:52.133	Bands USDJPY,M1: uninit reason 3
0	11:15:52.133	ZigZag_S-TYPE USDJPY,M1: uninit reason 3
0	11:15:52.141	RSI USDJPY,M1: uninit reason 3
0	11:15:52.142	Bands USDJPY,H1: initialized
0	11:15:52.143	ZigZag_S-TYPE USDJPY,H1: initialized
0	11:15:52.143	RSI USDJPY,H1: initialized
0	11:15:55.642	Bands USDJPY,H1: uninit reason 3
0	11:15:55.642	ZigZag_S-TYPE USDJPY,H1: uninit reason 3
0	11:15:55.651	RSI USDJPY,H1: uninit reason 3
0	11:15:55.651	Bands USDJPY,M1: initialized
0	11:15:55.652	ZigZag_S-TYPE USDJPY,M1: initialized
0	11:15:55.652	RSI USDJPY,M1: initialized
0	11:15:59.093	Bands USDJPY,M1: uninit reason 3
0	11:15:59.093	ZigZag_S-TYPE USDJPY,M1: uninit reason 3
0	11:15:59.102	RSI USDJPY,M1: uninit reason 3
0	11:15:59.102	Bands USDJPY,Daily: initialized
0	11:15:59.103	ZigZag_S-TYPE USDJPY,Daily: initialized
0	11:15:59.103	RSI USDJPY,Daily: initialized
0	11:16:08.153	Bands USDJPY,Daily: uninit reason 3
0	11:16:08.153	ZigZag_S-TYPE USDJPY,Daily: uninit reason 3
0	11:16:08.155	RSI USDJPY,Daily: uninit reason 3
0	11:16:08.155	Bands USDJPY,H4: initialized
0	11:16:08.155	ZigZag_S-TYPE USDJPY,H4: initialized
0	11:16:08.155	RSI USDJPY,H4: initialized
0	11:16:12.473	Bands USDJPY,H4: uninit reason 3
0	11:16:12.473	ZigZag_S-TYPE USDJPY,H4: uninit reason 3
0	11:16:12.478	RSI USDJPY,H4: uninit reason 3
0	11:16:12.478	Bands USDJPY,Daily: initialized
0	11:16:12.478	ZigZag_S-TYPE USDJPY,Daily: initialized
0	11:16:12.478	RSI USDJPY,Daily: initialized
0	11:16:50.774	Bands USDJPY,Daily: uninit reason 3
0	11:16:50.774	ZigZag_S-TYPE USDJPY,Daily: uninit reason 3
0	11:16:50.775	RSI USDJPY,Daily: uninit reason 3
0	11:16:50.776	Bands USDJPY,Weekly: initialized
0	11:16:50.776	ZigZag_S-TYPE USDJPY,Weekly: initialized
0	11:16:50.776	RSI USDJPY,Weekly: initialized
0	11:17:26.385	Bands USDJPY,Weekly: uninit reason 3
0	11:17:26.385	ZigZag_S-TYPE USDJPY,Weekly: uninit reason 3
0	11:17:26.385	RSI USDJPY,Weekly: uninit reason 3
0	11:17:26.385	Bands USDJPY,Daily: initialized
0	11:17:26.386	ZigZag_S-TYPE USDJPY,Daily: initialized
0	11:17:26.386	RSI USDJPY,Daily: initialized
0	11:25:43.070	Bands USDJPY,Daily: uninit reason 3
0	11:25:43.070	ZigZag_S-TYPE USDJPY,Daily: uninit reason 3
0	11:25:43.071	RSI USDJPY,Daily: uninit reason 3
0	11:25:43.071	Bands USDJPY,M1: initialized
0	11:25:43.072	ZigZag_S-TYPE USDJPY,M1: initialized
0	11:25:43.072	RSI USDJPY,M1: initialized
0	11:32:49.561	Bands USDJPY,M1: uninit reason 3
0	11:32:49.561	ZigZag_S-TYPE USDJPY,M1: uninit reason 3
0	11:32:49.569	RSI USDJPY,M1: uninit reason 3
0	11:32:49.569	Bands USDJPY,M5: initialized
0	11:32:49.570	ZigZag_S-TYPE USDJPY,M5: initialized
0	11:32:49.570	RSI USDJPY,M5: initialized
